[3632] [001] [INFO]  Running tracing analysis.
[3632] [001] [INFO] EXTRACTION STARTING at 10/27/2025 16:43:22
[3632] [001] [INFO]   Extractor: C:\Users\User\Desktop\CodeQL\codeql\csharp\tools\win64\Semmle.Extraction.CSharp.Driver.dll
[3632] [001] [INFO]   Extractor version: heads/codeql-cli-2.23.3 (aa3000df1310b332ba1c84afec3bacb0aeb4dbbd)
[3632] [001] [INFO]   Current working directory: C:\Users\User\Desktop\ETF\codeql-csharp-demo\DemoApp
[3632] [001] [INFO]   Arguments to Roslyn: /noconfig @C:\Users\User\AppData\Local\Temp\MSBuildTemp\tmp6e26284df2a246eabee2cfce14637cac.rsp /warnaserror-
[3632] [001] [INFO]   Arguments have been written to C:\Users\User\Desktop\ETF\codeql-csharp-demo\DemoApp\db-csharp\log\csharp.7267ef104736c09c827f3294f300af0597c443b01c351fbf50c6d2d2d8ec4d69.txt
[3632] [001] [INFO]   Models constructed in 00:00:01.2260200
[3632] [014] [INFO]   C:\Program Files\dotnet\packs\Microsoft.NETCore.App.Ref\9.0.10\ref\net9.0\System.AppContext.dll (00:00:00.1003862)
[3632] [013] [INFO]   C:\Program Files\dotnet\packs\Microsoft.NETCore.App.Ref\9.0.10\ref\net9.0\System.Buffers.dll (00:00:00.1010534)
[3632] [008] [INFO]   C:\Program Files\dotnet\packs\Microsoft.NETCore.App.Ref\9.0.10\ref\net9.0\Microsoft.VisualBasic.dll (00:00:00.1012225)
[3632] [009] [INFO]   C:\Program Files\dotnet\packs\Microsoft.NETCore.App.Ref\9.0.10\ref\net9.0\netstandard.dll (00:00:00.1017946)
[3632] [019] [INFO]   C:\Program Files\dotnet\packs\Microsoft.NETCore.App.Ref\9.0.10\ref\net9.0\mscorlib.dll (00:00:00.1048971)
[3632] [017] [INFO]   C:\Program Files\dotnet\packs\Microsoft.NETCore.App.Ref\9.0.10\ref\net9.0\Microsoft.Win32.Primitives.dll (00:00:00.1510392)
[3632] [011] [INFO]   C:\Program Files\dotnet\packs\Microsoft.NETCore.App.Ref\9.0.10\ref\net9.0\System.ComponentModel.dll (00:00:00.1520432)
[3632] [016] [INFO]   C:\Program Files\dotnet\packs\Microsoft.NETCore.App.Ref\9.0.10\ref\net9.0\Microsoft.Win32.Registry.dll (00:00:00.1647674)
[3632] [008] [INFO]   C:\Program Files\dotnet\packs\Microsoft.NETCore.App.Ref\9.0.10\ref\net9.0\System.ComponentModel.EventBasedAsync.dll (00:00:00.0694472)
[3632] [009] [INFO]   C:\Program Files\dotnet\packs\Microsoft.NETCore.App.Ref\9.0.10\ref\net9.0\System.Configuration.dll (00:00:00.0284261)
[3632] [016] [INFO]   C:\Program Files\dotnet\packs\Microsoft.NETCore.App.Ref\9.0.10\ref\net9.0\System.ComponentModel.DataAnnotations.dll (00:00:00.0205160)
[3632] [020] [INFO]   C:\Program Files\dotnet\packs\Microsoft.NETCore.App.Ref\9.0.10\ref\net9.0\Microsoft.CSharp.dll (00:00:00.2177856)
[3632] [016] [INFO]   C:\Program Files\dotnet\packs\Microsoft.NETCore.App.Ref\9.0.10\ref\net9.0\System.Data.DataSetExtensions.dll (00:00:00.0153468)
[3632] [011] [INFO]   C:\Program Files\dotnet\packs\Microsoft.NETCore.App.Ref\9.0.10\ref\net9.0\System.Core.dll (00:00:00.0160470)
[3632] [009] [INFO]   C:\Program Files\dotnet\packs\Microsoft.NETCore.App.Ref\9.0.10\ref\net9.0\System.Data.dll (00:00:00.0412695)
[3632] [009] [INFO]   C:\Program Files\dotnet\packs\Microsoft.NETCore.App.Ref\9.0.10\ref\net9.0\System.Diagnostics.FileVersionInfo.dll (00:00:00.0218471)
[3632] [020] [INFO]   C:\Program Files\dotnet\packs\Microsoft.NETCore.App.Ref\9.0.10\ref\net9.0\System.Diagnostics.Debug.dll (00:00:00.0277396)
[3632] [010] [INFO]   C:\Program Files\dotnet\packs\Microsoft.NETCore.App.Ref\9.0.10\ref\net9.0\System.Collections.NonGeneric.dll (00:00:00.2942229)
[3632] [016] [INFO]   C:\Program Files\dotnet\packs\Microsoft.NETCore.App.Ref\9.0.10\ref\net9.0\System.Diagnostics.Contracts.dll (00:00:00.0707402)
[3632] [014] [INFO]   C:\Program Files\dotnet\packs\Microsoft.NETCore.App.Ref\9.0.10\ref\net9.0\System.ComponentModel.Primitives.dll (00:00:00.1588192)
[3632] [001] [INFO]   C:\Users\User\Desktop\ETF\codeql-csharp-demo\DemoApp\obj\Debug\net9.0\DemoApp.dll (00:00:00.3418822)
[3632] [016] [INFO]   C:\Program Files\dotnet\packs\Microsoft.NETCore.App.Ref\9.0.10\ref\net9.0\System.Diagnostics.Tools.dll (00:00:00.0132720)
[3632] [010] [INFO]   C:\Program Files\dotnet\packs\Microsoft.NETCore.App.Ref\9.0.10\ref\net9.0\System.Diagnostics.TextWriterTraceListener.dll (00:00:00.0499873)
[3632] [006] [INFO]   C:\Program Files\dotnet\packs\Microsoft.NETCore.App.Ref\9.0.10\ref\net9.0\System.ComponentModel.Annotations.dll (00:00:00.3660364)
[3632] [017] [INFO]   C:\Program Files\dotnet\packs\Microsoft.NETCore.App.Ref\9.0.10\ref\net9.0\System.Collections.Specialized.dll (00:00:00.2038830)
[3632] [004] [INFO]   C:\Program Files\dotnet\packs\Microsoft.NETCore.App.Ref\9.0.10\ref\net9.0\System.Collections.Concurrent.dll (00:00:00.3687434)
[3632] [016] [INFO]   C:\Program Files\dotnet\packs\Microsoft.NETCore.App.Ref\9.0.10\ref\net9.0\System.dll (00:00:00.0048934)
[3632] [009] [INFO]   C:\Program Files\dotnet\packs\Microsoft.NETCore.App.Ref\9.0.10\ref\net9.0\System.Diagnostics.StackTrace.dll (00:00:00.0750826)
[3632] [010] [INFO]   C:\Program Files\dotnet\packs\Microsoft.NETCore.App.Ref\9.0.10\ref\net9.0\System.Drawing.dll (00:00:00.0256726)
[3632] [004] [INFO]   C:\Program Files\dotnet\packs\Microsoft.NETCore.App.Ref\9.0.10\ref\net9.0\System.Dynamic.Runtime.dll (00:00:00.0281019)
[3632] [019] [INFO]   C:\Program Files\dotnet\packs\Microsoft.NETCore.App.Ref\9.0.10\ref\net9.0\System.Console.dll (00:00:00.2431591)
[3632] [017] [INFO]   C:\Program Files\dotnet\packs\Microsoft.NETCore.App.Ref\9.0.10\ref\net9.0\System.Globalization.Calendars.dll (00:00:00.0030420)
[3632] [010] [INFO]   C:\Program Files\dotnet\packs\Microsoft.NETCore.App.Ref\9.0.10\ref\net9.0\System.Globalization.dll (00:00:00.0028261)
[3632] [004] [INFO]   C:\Program Files\dotnet\packs\Microsoft.NETCore.App.Ref\9.0.10\ref\net9.0\System.Globalization.Extensions.dll (00:00:00.0030796)
[3632] [010] [INFO]   C:\Program Files\dotnet\packs\Microsoft.NETCore.App.Ref\9.0.10\ref\net9.0\System.IO.Compression.FileSystem.dll (00:00:00.0058220)
[3632] [006] [INFO]   C:\Program Files\dotnet\packs\Microsoft.NETCore.App.Ref\9.0.10\ref\net9.0\System.Formats.Tar.dll (00:00:00.0759782)
[3632] [010] [INFO]   C:\Program Files\dotnet\packs\Microsoft.NETCore.App.Ref\9.0.10\ref\net9.0\System.IO.dll (00:00:00.0154088)
[3632] [004] [INFO]   C:\Program Files\dotnet\packs\Microsoft.NETCore.App.Ref\9.0.10\ref\net9.0\System.IO.Compression.ZipFile.dll (00:00:00.0217459)
[3632] [019] [INFO]   C:\Program Files\dotnet\packs\Microsoft.NETCore.App.Ref\9.0.10\ref\net9.0\System.IO.Compression.Brotli.dll (00:00:00.0374360)
[3632] [010] [INFO]   C:\Program Files\dotnet\packs\Microsoft.NETCore.App.Ref\9.0.10\ref\net9.0\System.IO.FileSystem.dll (00:00:00.0268691)
[3632] [009] [INFO]   C:\Program Files\dotnet\packs\Microsoft.NETCore.App.Ref\9.0.10\ref\net9.0\System.Formats.Asn1.dll (00:00:00.1273494)
[3632] [020] [INFO]   C:\Program Files\dotnet\packs\Microsoft.NETCore.App.Ref\9.0.10\ref\net9.0\System.Diagnostics.Process.dll (00:00:00.2319230)
[3632] [006] [INFO]   C:\Program Files\dotnet\packs\Microsoft.NETCore.App.Ref\9.0.10\ref\net9.0\System.IO.FileSystem.AccessControl.dll (00:00:00.0553418)
[3632] [014] [INFO]   C:\Program Files\dotnet\packs\Microsoft.NETCore.App.Ref\9.0.10\ref\net9.0\System.Diagnostics.TraceSource.dll (00:00:00.2028728)
[3632] [019] [INFO]   C:\Program Files\dotnet\packs\Microsoft.NETCore.App.Ref\9.0.10\ref\net9.0\System.IO.FileSystem.Primitives.dll (00:00:00.0237992)
[3632] [004] [INFO]   C:\Program Files\dotnet\packs\Microsoft.NETCore.App.Ref\9.0.10\ref\net9.0\System.IO.FileSystem.DriveInfo.dll (00:00:00.0278739)
[3632] [017] [INFO]   C:\Program Files\dotnet\packs\Microsoft.NETCore.App.Ref\9.0.10\ref\net9.0\System.IO.Compression.dll (00:00:00.1204716)
[3632] [004] [INFO]   C:\Program Files\dotnet\packs\Microsoft.NETCore.App.Ref\9.0.10\ref\net9.0\System.IO.UnmanagedMemoryStream.dll (00:00:00.0025915)
[3632] [001] [INFO]   C:\Program Files\dotnet\packs\Microsoft.NETCore.App.Ref\9.0.10\ref\net9.0\System.Diagnostics.Tracing.dll (00:00:00.2401891)
[3632] [019] [INFO]   C:\Program Files\dotnet\packs\Microsoft.NETCore.App.Ref\9.0.10\ref\net9.0\System.IO.Pipes.AccessControl.dll (00:00:00.0332332)
[3632] [010] [INFO]   C:\Program Files\dotnet\packs\Microsoft.NETCore.App.Ref\9.0.10\ref\net9.0\System.IO.FileSystem.Watcher.dll (00:00:00.0772222)
[3632] [015] [INFO]   C:\Program Files\dotnet\packs\Microsoft.NETCore.App.Ref\9.0.10\ref\net9.0\Microsoft.VisualBasic.Core.dll (00:00:00.6205190)
[3632] [020] [INFO]   C:\Program Files\dotnet\packs\Microsoft.NETCore.App.Ref\9.0.10\ref\net9.0\System.IO.MemoryMappedFiles.dll (00:00:00.0798416)
[3632] [016] [INFO]   C:\Program Files\dotnet\packs\Microsoft.NETCore.App.Ref\9.0.10\ref\net9.0\System.Drawing.Primitives.dll (00:00:00.2588207)
[3632] [006] [INFO]   C:\Program Files\dotnet\packs\Microsoft.NETCore.App.Ref\9.0.10\ref\net9.0\System.IO.Pipelines.dll (00:00:00.0946503)
[3632] [015] [INFO]   C:\Program Files\dotnet\packs\Microsoft.NETCore.App.Ref\9.0.10\ref\net9.0\System.Net.dll (00:00:00.0175860)
[3632] [014] [INFO]   C:\Program Files\dotnet\packs\Microsoft.NETCore.App.Ref\9.0.10\ref\net9.0\System.IO.Pipes.dll (00:00:00.1007739)
[3632] [001] [INFO]   C:\Program Files\dotnet\packs\Microsoft.NETCore.App.Ref\9.0.10\ref\net9.0\System.IO.IsolatedStorage.dll (00:00:00.1155751)
[3632] [001] [INFO]   C:\Program Files\dotnet\packs\Microsoft.NETCore.App.Ref\9.0.10\ref\net9.0\System.Net.NameResolution.dll (00:00:00.0250903)
[3632] [006] [INFO]   C:\Program Files\dotnet\packs\Microsoft.NETCore.App.Ref\9.0.10\ref\net9.0\System.Net.Http.Json.dll (00:00:00.1803721)
[3632] [020] [INFO]   C:\Program Files\dotnet\packs\Microsoft.NETCore.App.Ref\9.0.10\ref\net9.0\System.Net.HttpListener.dll (00:00:00.1422601)
[3632] [011] [INFO]   C:\Program Files\dotnet\packs\Microsoft.NETCore.App.Ref\9.0.10\ref\net9.0\System.Diagnostics.DiagnosticSource.dll (00:00:00.6197908)
[3632] [006] [INFO]   C:\Program Files\dotnet\packs\Microsoft.NETCore.App.Ref\9.0.10\ref\net9.0\System.Net.Ping.dll (00:00:00.0725994)
[3632] [014] [INFO]   C:\Program Files\dotnet\packs\Microsoft.NETCore.App.Ref\9.0.10\ref\net9.0\System.Net.Mail.dll (00:00:00.3010493)
[3632] [011] [INFO]   C:\Program Files\dotnet\packs\Microsoft.NETCore.App.Ref\9.0.10\ref\net9.0\System.Net.Quic.dll (00:00:00.1170702)
[3632] [001] [INFO]   C:\Program Files\dotnet\packs\Microsoft.NETCore.App.Ref\9.0.10\ref\net9.0\System.Net.NetworkInformation.dll (00:00:00.2125753)
[3632] [009] [INFO]   C:\Program Files\dotnet\packs\Microsoft.NETCore.App.Ref\9.0.10\ref\net9.0\System.Linq.Queryable.dll (00:00:00.5370427)
[3632] [014] [INFO]   C:\Program Files\dotnet\packs\Microsoft.NETCore.App.Ref\9.0.10\ref\net9.0\System.Net.ServicePoint.dll (00:00:00.0082626)
[3632] [018] [INFO]   C:\Program Files\dotnet\packs\Microsoft.NETCore.App.Ref\9.0.10\ref\net9.0\System.Collections.dll (00:00:01.1712527)
[3632] [015] [INFO]   C:\Program Files\dotnet\packs\Microsoft.NETCore.App.Ref\9.0.10\ref\net9.0\System.Net.Sockets.dll (00:00:00.4666110)
[3632] [009] [INFO]   C:\Program Files\dotnet\packs\Microsoft.NETCore.App.Ref\9.0.10\ref\net9.0\System.Net.WebProxy.dll (00:00:00.0910170)
[3632] [020] [INFO]   C:\Program Files\dotnet\packs\Microsoft.NETCore.App.Ref\9.0.10\ref\net9.0\System.Net.Primitives.dll (00:00:00.3314214)
[3632] [014] [INFO]   C:\Program Files\dotnet\packs\Microsoft.NETCore.App.Ref\9.0.10\ref\net9.0\System.Net.WebHeaderCollection.dll (00:00:00.0985775)
[3632] [020] [INFO]   C:\Program Files\dotnet\packs\Microsoft.NETCore.App.Ref\9.0.10\ref\net9.0\System.Numerics.dll (00:00:00.0053472)
[3632] [019] [INFO]   C:\Program Files\dotnet\packs\Microsoft.NETCore.App.Ref\9.0.10\ref\net9.0\System.Linq.Parallel.dll (00:00:00.6681056)
[3632] [020] [INFO]   C:\Program Files\dotnet\packs\Microsoft.NETCore.App.Ref\9.0.10\ref\net9.0\System.Reflection.DispatchProxy.dll (00:00:00.0152738)
[3632] [019] [INFO]   C:\Program Files\dotnet\packs\Microsoft.NETCore.App.Ref\9.0.10\ref\net9.0\System.Reflection.dll (00:00:00.0037503)
[3632] [001] [INFO]   C:\Program Files\dotnet\packs\Microsoft.NETCore.App.Ref\9.0.10\ref\net9.0\System.Net.WebClient.dll (00:00:00.2429591)
[3632] [018] [INFO]   C:\Program Files\dotnet\packs\Microsoft.NETCore.App.Ref\9.0.10\ref\net9.0\System.Net.WebSockets.Client.dll (00:00:00.1266264)
[3632] [015] [INFO]   C:\Program Files\dotnet\packs\Microsoft.NETCore.App.Ref\9.0.10\ref\net9.0\System.Net.WebSockets.dll (00:00:00.1230119)
[3632] [015] [INFO]   C:\Program Files\dotnet\packs\Microsoft.NETCore.App.Ref\9.0.10\ref\net9.0\System.Reflection.Extensions.dll (00:00:00.0156041)
[3632] [018] [INFO]   C:\Program Files\dotnet\packs\Microsoft.NETCore.App.Ref\9.0.10\ref\net9.0\System.Runtime.Extensions.dll (00:00:00.0319809)
[3632] [006] [INFO]   C:\Program Files\dotnet\packs\Microsoft.NETCore.App.Ref\9.0.10\ref\net9.0\System.Net.Requests.dll (00:00:00.4450400)
[3632] [001] [INFO]   C:\Program Files\dotnet\packs\Microsoft.NETCore.App.Ref\9.0.10\ref\net9.0\System.Reflection.Emit.Lightweight.dll (00:00:00.0956780)
[3632] [004] [INFO]   C:\Program Files\dotnet\packs\Microsoft.NETCore.App.Ref\9.0.10\ref\net9.0\System.Linq.dll (00:00:00.8707411)
[3632] [001] [INFO]   C:\Program Files\dotnet\packs\Microsoft.NETCore.App.Ref\9.0.10\ref\net9.0\System.Runtime.InteropServices.RuntimeInformation.dll (00:00:00.0136048)
[3632] [019] [INFO]   C:\Program Files\dotnet\packs\Microsoft.NETCore.App.Ref\9.0.10\ref\net9.0\System.Reflection.Emit.ILGeneration.dll (00:00:00.1531380)
[3632] [006] [INFO]   C:\Program Files\dotnet\packs\Microsoft.NETCore.App.Ref\9.0.10\ref\net9.0\System.Reflection.TypeExtensions.dll (00:00:00.0882364)
[3632] [004] [INFO]   C:\Program Files\dotnet\packs\Microsoft.NETCore.App.Ref\9.0.10\ref\net9.0\System.Resources.ResourceManager.dll (00:00:00.0160556)
[3632] [019] [INFO]   C:\Program Files\dotnet\packs\Microsoft.NETCore.App.Ref\9.0.10\ref\net9.0\System.Runtime.CompilerServices.Unsafe.dll (00:00:00.0032867)
[3632] [013] [INFO]   C:\Program Files\dotnet\packs\Microsoft.NETCore.App.Ref\9.0.10\ref\net9.0\System.ComponentModel.TypeConverter.dll (00:00:01.3886187)
[3632] [016] [INFO]   C:\Program Files\dotnet\packs\Microsoft.NETCore.App.Ref\9.0.10\ref\net9.0\System.Net.Http.dll (00:00:00.8443502)
[3632] [009] [INFO]   C:\Program Files\dotnet\packs\Microsoft.NETCore.App.Ref\9.0.10\ref\net9.0\System.ObjectModel.dll (00:00:00.2836404)
[3632] [018] [INFO]   C:\Program Files\dotnet\packs\Microsoft.NETCore.App.Ref\9.0.10\ref\net9.0\System.Reflection.Primitives.dll (00:00:00.1038182)
[3632] [011] [INFO]   C:\Program Files\dotnet\packs\Microsoft.NETCore.App.Ref\9.0.10\ref\net9.0\System.Net.Security.dll (00:00:00.4742982)
[3632] [001] [INFO]   C:\Program Files\dotnet\packs\Microsoft.NETCore.App.Ref\9.0.10\ref\net9.0\System.Resources.Writer.dll (00:00:00.0669892)
[3632] [019] [INFO]   C:\Program Files\dotnet\packs\Microsoft.NETCore.App.Ref\9.0.10\ref\net9.0\System.Runtime.Handles.dll (00:00:00.0544548)
[3632] [018] [INFO]   C:\Program Files\dotnet\packs\Microsoft.NETCore.App.Ref\9.0.10\ref\net9.0\System.Security.Cryptography.Algorithms.dll (00:00:00.0092146)
[3632] [004] [INFO]   C:\Program Files\dotnet\packs\Microsoft.NETCore.App.Ref\9.0.10\ref\net9.0\System.Runtime.CompilerServices.VisualC.dll (00:00:00.0751761)
[3632] [017] [INFO]   C:\Program Files\dotnet\packs\Microsoft.NETCore.App.Ref\9.0.10\ref\net9.0\System.Linq.Expressions.dll (00:00:01.0096967)
[3632] [019] [INFO]   C:\Program Files\dotnet\packs\Microsoft.NETCore.App.Ref\9.0.10\ref\net9.0\System.Security.Cryptography.Cng.dll (00:00:00.0272545)
[3632] [004] [INFO]   C:\Program Files\dotnet\packs\Microsoft.NETCore.App.Ref\9.0.10\ref\net9.0\System.Security.Cryptography.Encoding.dll (00:00:00.0247128)
[3632] [010] [INFO]   C:\Program Files\dotnet\packs\Microsoft.NETCore.App.Ref\9.0.10\ref\net9.0\System.Memory.dll (00:00:01.0652854)
[3632] [019] [INFO]   C:\Program Files\dotnet\packs\Microsoft.NETCore.App.Ref\9.0.10\ref\net9.0\System.Runtime.Serialization.Primitives.dll (00:00:00.0662347)
[3632] [017] [INFO]   C:\Program Files\dotnet\packs\Microsoft.NETCore.App.Ref\9.0.10\ref\net9.0\System.Runtime.Serialization.Json.dll (00:00:00.0961524)
[3632] [001] [INFO]   C:\Program Files\dotnet\packs\Microsoft.NETCore.App.Ref\9.0.10\ref\net9.0\System.Security.Claims.dll (00:00:00.1350536)
[3632] [010] [INFO]   C:\Program Files\dotnet\packs\Microsoft.NETCore.App.Ref\9.0.10\ref\net9.0\System.Resources.Reader.dll (00:00:00.0211797)
[3632] [010] [INFO]   C:\Program Files\dotnet\packs\Microsoft.NETCore.App.Ref\9.0.10\ref\net9.0\System.Runtime.Serialization.dll (00:00:00.0243562)
[3632] [001] [INFO]   C:\Program Files\dotnet\packs\Microsoft.NETCore.App.Ref\9.0.10\ref\net9.0\System.Security.Cryptography.Csp.dll (00:00:00.0309354)
[3632] [019] [INFO]   C:\Program Files\dotnet\packs\Microsoft.NETCore.App.Ref\9.0.10\ref\net9.0\System.Runtime.Loader.dll (00:00:00.0657302)
[3632] [016] [INFO]   C:\Program Files\dotnet\packs\Microsoft.NETCore.App.Ref\9.0.10\ref\net9.0\System.Runtime.InteropServices.JavaScript.dll (00:00:00.2925341)
[3632] [019] [INFO]   C:\Program Files\dotnet\packs\Microsoft.NETCore.App.Ref\9.0.10\ref\net9.0\System.Security.Cryptography.Primitives.dll (00:00:00.0045645)
[3632] [001] [INFO]   C:\Program Files\dotnet\packs\Microsoft.NETCore.App.Ref\9.0.10\ref\net9.0\System.Security.Cryptography.OpenSsl.dll (00:00:00.0125596)
[3632] [001] [INFO]   C:\Program Files\dotnet\packs\Microsoft.NETCore.App.Ref\9.0.10\ref\net9.0\System.Security.Cryptography.X509Certificates.dll (00:00:00.0047439)
[3632] [019] [INFO]   C:\Program Files\dotnet\packs\Microsoft.NETCore.App.Ref\9.0.10\ref\net9.0\System.Security.dll (00:00:00.0041641)
[3632] [016] [INFO]   C:\Program Files\dotnet\packs\Microsoft.NETCore.App.Ref\9.0.10\ref\net9.0\System.Security.Principal.dll (00:00:00.0041399)
[3632] [019] [INFO]   C:\Program Files\dotnet\packs\Microsoft.NETCore.App.Ref\9.0.10\ref\net9.0\System.Security.SecureString.dll (00:00:00.0036775)
[3632] [016] [INFO]   C:\Program Files\dotnet\packs\Microsoft.NETCore.App.Ref\9.0.10\ref\net9.0\System.ServiceModel.Web.dll (00:00:00.0037886)
[3632] [010] [INFO]   C:\Program Files\dotnet\packs\Microsoft.NETCore.App.Ref\9.0.10\ref\net9.0\System.Runtime.Serialization.Formatters.dll (00:00:00.1395641)
[3632] [019] [INFO]   C:\Program Files\dotnet\packs\Microsoft.NETCore.App.Ref\9.0.10\ref\net9.0\System.ServiceProcess.dll (00:00:00.0041597)
[3632] [016] [INFO]   C:\Program Files\dotnet\packs\Microsoft.NETCore.App.Ref\9.0.10\ref\net9.0\System.Text.Encoding.CodePages.dll (00:00:00.0063534)
[3632] [019] [INFO]   C:\Program Files\dotnet\packs\Microsoft.NETCore.App.Ref\9.0.10\ref\net9.0\System.Text.Encoding.dll (00:00:00.0107234)
[3632] [013] [INFO]   C:\Program Files\dotnet\packs\Microsoft.NETCore.App.Ref\9.0.10\ref\net9.0\System.Security.AccessControl.dll (00:00:00.4022855)
[3632] [020] [INFO]   C:\Program Files\dotnet\packs\Microsoft.NETCore.App.Ref\9.0.10\ref\net9.0\System.Reflection.Emit.dll (00:00:00.6942819)
[3632] [010] [INFO]   C:\Program Files\dotnet\packs\Microsoft.NETCore.App.Ref\9.0.10\ref\net9.0\System.Text.Encoding.Extensions.dll (00:00:00.1012516)
[3632] [016] [INFO]   C:\Program Files\dotnet\packs\Microsoft.NETCore.App.Ref\9.0.10\ref\net9.0\System.Text.Encodings.Web.dll (00:00:00.1077082)
[3632] [013] [INFO]   C:\Program Files\dotnet\packs\Microsoft.NETCore.App.Ref\9.0.10\ref\net9.0\System.Security.Principal.Windows.dll (00:00:00.1250537)
[3632] [020] [INFO]   C:\Program Files\dotnet\packs\Microsoft.NETCore.App.Ref\9.0.10\ref\net9.0\System.Threading.Channels.dll (00:00:00.0701581)
[3632] [004] [INFO]   C:\Program Files\dotnet\packs\Microsoft.NETCore.App.Ref\9.0.10\ref\net9.0\System.Runtime.Serialization.Xml.dll (00:00:00.4717943)
[3632] [020] [INFO]   C:\Program Files\dotnet\packs\Microsoft.NETCore.App.Ref\9.0.10\ref\net9.0\System.Threading.Tasks.dll (00:00:00.0034220)
[3632] [016] [INFO]   C:\Program Files\dotnet\packs\Microsoft.NETCore.App.Ref\9.0.10\ref\net9.0\System.Threading.Overlapped.dll (00:00:00.0580859)
[3632] [014] [INFO]   C:\Program Files\dotnet\packs\Microsoft.NETCore.App.Ref\9.0.10\ref\net9.0\System.Numerics.Vectors.dll (00:00:00.8968802)
[3632] [020] [INFO]   C:\Program Files\dotnet\packs\Microsoft.NETCore.App.Ref\9.0.10\ref\net9.0\System.Threading.Tasks.Extensions.dll (00:00:00.0042583)
[3632] [014] [INFO]   C:\Program Files\dotnet\packs\Microsoft.NETCore.App.Ref\9.0.10\ref\net9.0\System.Threading.Timer.dll (00:00:00.0031728)
[3632] [001] [INFO]   C:\Program Files\dotnet\packs\Microsoft.NETCore.App.Ref\9.0.10\ref\net9.0\System.Text.RegularExpressions.dll (00:00:00.3537575)
[3632] [020] [INFO]   C:\Program Files\dotnet\packs\Microsoft.NETCore.App.Ref\9.0.10\ref\net9.0\System.Threading.ThreadPool.dll (00:00:00.0894273)
[3632] [014] [INFO]   C:\Program Files\dotnet\packs\Microsoft.NETCore.App.Ref\9.0.10\ref\net9.0\System.Transactions.dll (00:00:00.0529074)
[3632] [016] [INFO]   C:\Program Files\dotnet\packs\Microsoft.NETCore.App.Ref\9.0.10\ref\net9.0\System.Threading.Thread.dll (00:00:00.1815959)
[3632] [020] [INFO]   C:\Program Files\dotnet\packs\Microsoft.NETCore.App.Ref\9.0.10\ref\net9.0\System.ValueTuple.dll (00:00:00.0304200)
[3632] [014] [INFO]   C:\Program Files\dotnet\packs\Microsoft.NETCore.App.Ref\9.0.10\ref\net9.0\System.Web.dll (00:00:00.0160096)
[3632] [016] [INFO]   C:\Program Files\dotnet\packs\Microsoft.NETCore.App.Ref\9.0.10\ref\net9.0\System.Windows.dll (00:00:00.0049636)
[3632] [004] [INFO]   C:\Program Files\dotnet\packs\Microsoft.NETCore.App.Ref\9.0.10\ref\net9.0\System.Threading.Tasks.Parallel.dll (00:00:00.2229826)
[3632] [014] [INFO]   C:\Program Files\dotnet\packs\Microsoft.NETCore.App.Ref\9.0.10\ref\net9.0\System.Xml.dll (00:00:00.0098944)
[3632] [016] [INFO]   C:\Program Files\dotnet\packs\Microsoft.NETCore.App.Ref\9.0.10\ref\net9.0\System.Xml.Linq.dll (00:00:00.0078503)
[3632] [014] [INFO]   C:\Program Files\dotnet\packs\Microsoft.NETCore.App.Ref\9.0.10\ref\net9.0\System.Xml.Serialization.dll (00:00:00.0249879)
[3632] [020] [INFO]   C:\Program Files\dotnet\packs\Microsoft.NETCore.App.Ref\9.0.10\ref\net9.0\System.Web.HttpUtility.dll (00:00:00.0862103)
[3632] [008] [INFO]   C:\Program Files\dotnet\packs\Microsoft.NETCore.App.Ref\9.0.10\ref\net9.0\System.Data.Common.dll (00:00:02.2226745)
[3632] [014] [INFO]   C:\Program Files\dotnet\packs\Microsoft.NETCore.App.Ref\9.0.10\ref\net9.0\System.Xml.XmlDocument.dll (00:00:00.0040511)
[3632] [010] [INFO]   C:\Program Files\dotnet\packs\Microsoft.NETCore.App.Ref\9.0.10\ref\net9.0\System.Threading.dll (00:00:00.3495397)
[3632] [012] [INFO]   C:\Program Files\dotnet\packs\Microsoft.NETCore.App.Ref\9.0.10\ref\net9.0\System.Collections.Immutable.dll (00:00:02.4592617)
[3632] [010] [INFO]   C:\Program Files\dotnet\packs\Microsoft.NETCore.App.Ref\9.0.10\ref\net9.0\WindowsBase.dll (00:00:00.0097074)
[3632] [008] [INFO]   C:\Program Files\dotnet\packs\Microsoft.NETCore.App.Ref\9.0.10\ref\net9.0\System.Xml.XPath.XDocument.dll (00:00:00.0136296)
[3632] [001] [INFO]   C:\Program Files\dotnet\packs\Microsoft.NETCore.App.Ref\9.0.10\ref\net9.0\System.Transactions.Local.dll (00:00:00.2172439)
[3632] [014] [INFO]   C:\Program Files\dotnet\packs\Microsoft.NETCore.App.Ref\9.0.10\ref\net9.0\System.Xml.XPath.dll (00:00:00.0624844)
[3632] [001] [INFO]   C:\Users\User\Desktop\ETF\codeql-csharp-demo\DemoApp\obj\Debug\net9.0\DemoApp.GlobalUsings.g.cs (00:00:00.0897826)
[3632] [013] [INFO]   C:\Program Files\dotnet\packs\Microsoft.NETCore.App.Ref\9.0.10\ref\net9.0\System.Threading.Tasks.Dataflow.dll (00:00:00.5029849)
[3632] [008] [INFO]   C:\Users\User\Desktop\ETF\codeql-csharp-demo\DemoApp\obj\Debug\net9.0\.NETCoreApp,Version=v9.0.AssemblyAttributes.cs (00:00:00.1443061)
[3632] [012] [INFO]   C:\Users\User\Desktop\ETF\codeql-csharp-demo\DemoApp\obj\Debug\net9.0\DemoApp.AssemblyInfo.cs (00:00:00.1607923)
[3632] [017] [INFO]   C:\Program Files\dotnet\packs\Microsoft.NETCore.App.Ref\9.0.10\ref\net9.0\System.Runtime.Numerics.dll (00:00:00.9209784)
[3632] [004] [INFO]   C:\Program Files\dotnet\packs\Microsoft.NETCore.App.Ref\9.0.10\ref\net9.0\System.Xml.XDocument.dll (00:00:00.3017932)
[3632] [010] [INFO]   C:\Users\User\Desktop\ETF\codeql-csharp-demo\DemoApp\Program.cs (00:00:00.2662067)
[3632] [020] [INFO]   C:\Program Files\dotnet\packs\Microsoft.NETCore.App.Ref\9.0.10\ref\net9.0\System.Xml.XmlSerializer.dll (00:00:00.3694948)
[3632] [019] [INFO]   C:\Program Files\dotnet\packs\Microsoft.NETCore.App.Ref\9.0.10\ref\net9.0\System.Text.Json.dll (00:00:00.8952455)
[3632] [015] [INFO]   C:\Program Files\dotnet\packs\Microsoft.NETCore.App.Ref\9.0.10\ref\net9.0\System.Reflection.Metadata.dll (00:00:01.5038894)
[3632] [006] [INFO]   C:\Program Files\dotnet\packs\Microsoft.NETCore.App.Ref\9.0.10\ref\net9.0\System.Runtime.InteropServices.dll (00:00:01.4639036)
[3632] [018] [INFO]   C:\Program Files\dotnet\packs\Microsoft.NETCore.App.Ref\9.0.10\ref\net9.0\System.Security.Cryptography.dll (00:00:01.5047028)
[3632] [016] [INFO]   C:\Program Files\dotnet\packs\Microsoft.NETCore.App.Ref\9.0.10\ref\net9.0\System.Xml.ReaderWriter.dll (00:00:00.7520658)
[3632] [011] [INFO]   C:\Program Files\dotnet\packs\Microsoft.NETCore.App.Ref\9.0.10\ref\net9.0\System.Runtime.Intrinsics.dll (00:00:03.4725328)
[3632] [009] [INFO]   C:\Program Files\dotnet\packs\Microsoft.NETCore.App.Ref\9.0.10\ref\net9.0\System.Runtime.dll (00:00:04.5516879)
[3632] [001] [INFO]   Extraction took 00:00:06.1392032
[3632] [001] [INFO]   Peak working set = 494 MB
[3632] [001] [INFO] EXTRACTION SUCCEEDED in 00:00:07.5488712
