[2025-10-27 16:43:16] This is codeql database create db-csharp --language=csharp --source-root . --command "C:\Program Files (x86)\Microsoft Visual Studio\2022\BuildTools\MSBuild\Current\Bin\MSBuild.exe" DemoApp.csproj /t:Rebuild /p:Configuration=Debug
[2025-10-27 16:43:16] Log file was started late.
[2025-10-27 16:43:16] [PROGRESS] database create> Initializing database at C:\Users\User\Desktop\ETF\codeql-csharp-demo\DemoApp\db-csharp.
[2025-10-27 16:43:16] Running plumbing command: codeql database init --language=csharp --extractor-options-verbosity=1 --qlconfig-file=C:\Users\User\Desktop\ETF\codeql-csharp-demo\DemoApp\qlconfig.yml --source-root=C:\Users\User\Desktop\ETF\codeql-csharp-demo\DemoApp --allow-missing-source-root=false --allow-already-existing -- C:\Users\User\Desktop\ETF\codeql-csharp-demo\DemoApp\db-csharp
[2025-10-27 16:43:16] Calling plumbing command: codeql resolve languages --extractor-options-verbosity=1 --format=betterjson
[2025-10-27 16:43:17] [DETAILS] resolve languages> Scanning for [codeql-extractor.yml] from C:\Users\User\Desktop\CodeQL\codeql\.codeqlmanifest.json
[2025-10-27 16:43:17] [DETAILS] resolve languages> Parsing C:\Users\User\Desktop\CodeQL\codeql\actions\codeql-extractor.yml.
[2025-10-27 16:43:17] [DETAILS] resolve languages> Parsing C:\Users\User\Desktop\CodeQL\codeql\cpp\codeql-extractor.yml.
[2025-10-27 16:43:17] [DETAILS] resolve languages> Parsing C:\Users\User\Desktop\CodeQL\codeql\csharp\codeql-extractor.yml.
[2025-10-27 16:43:17] [DETAILS] resolve languages> Parsing C:\Users\User\Desktop\CodeQL\codeql\csv\codeql-extractor.yml.
[2025-10-27 16:43:17] [DETAILS] resolve languages> Parsing C:\Users\User\Desktop\CodeQL\codeql\go\codeql-extractor.yml.
[2025-10-27 16:43:17] [DETAILS] resolve languages> Parsing C:\Users\User\Desktop\CodeQL\codeql\html\codeql-extractor.yml.
[2025-10-27 16:43:17] [DETAILS] resolve languages> Parsing C:\Users\User\Desktop\CodeQL\codeql\java\codeql-extractor.yml.
[2025-10-27 16:43:17] [DETAILS] resolve languages> Parsing C:\Users\User\Desktop\CodeQL\codeql\javascript\codeql-extractor.yml.
[2025-10-27 16:43:17] [DETAILS] resolve languages> Parsing C:\Users\User\Desktop\CodeQL\codeql\properties\codeql-extractor.yml.
[2025-10-27 16:43:17] [DETAILS] resolve languages> Parsing C:\Users\User\Desktop\CodeQL\codeql\python\codeql-extractor.yml.
[2025-10-27 16:43:17] [DETAILS] resolve languages> Parsing C:\Users\User\Desktop\CodeQL\codeql\ruby\codeql-extractor.yml.
[2025-10-27 16:43:17] [DETAILS] resolve languages> Parsing C:\Users\User\Desktop\CodeQL\codeql\rust\codeql-extractor.yml.
[2025-10-27 16:43:17] [DETAILS] resolve languages> Parsing C:\Users\User\Desktop\CodeQL\codeql\swift\codeql-extractor.yml.
[2025-10-27 16:43:17] [DETAILS] resolve languages> Parsing C:\Users\User\Desktop\CodeQL\codeql\xml\codeql-extractor.yml.
[2025-10-27 16:43:17] [DETAILS] resolve languages> Parsing C:\Users\User\Desktop\CodeQL\codeql\yaml\codeql-extractor.yml.
[2025-10-27 16:43:17] Plumbing command codeql resolve languages completed:
                      {
                        "aliases" : {
                          "c" : "cpp",
                          "c++" : "cpp",
                          "c-c++" : "cpp",
                          "c-cpp" : "cpp",
                          "c#" : "csharp",
                          "java-kotlin" : "java",
                          "kotlin" : "java",
                          "javascript-typescript" : "javascript",
                          "typescript" : "javascript"
                        },
                        "extractors" : {
                          "actions" : [
                            {
                              "extractor_root" : "C:\\Users\\User\\Desktop\\CodeQL\\codeql\\actions",
                              "extractor_options" : { }
                            }
                          ],
                          "cpp" : [
                            {
                              "extractor_root" : "C:\\Users\\User\\Desktop\\CodeQL\\codeql\\cpp",
                              "extractor_options" : {
                                "scale_timeouts" : {
                                  "title" : "Value to scale compiler introspection timeouts with",
                                  "description" : "The extractor attempts to determine what compiler the source code being extracted is compiled with. To this end the extractor makes additional calls to the compiler, some of which are expected to return within a certain fixed time (either 10s or 15s). On some systems that are under high load this time might be too short, and can be scaled up using this option.\n",
                                  "type" : "string",
                                  "pattern" : "[0-9]+"
                                },
                                "log_verbosity" : {
                                  "title" : "Verbosity of the extractor logging",
                                  "description" : "Set the verbosity of the extractor logging to 'quiet' (0), 'normal' (1), 'chatty' (2), or 'noisy' (3). The default is 'normal'.\n",
                                  "type" : "string",
                                  "pattern" : "[0-3]"
                                }
                              }
                            }
                          ],
                          "csharp" : [
                            {
                              "extractor_root" : "C:\\Users\\User\\Desktop\\CodeQL\\codeql\\csharp",
                              "extractor_options" : {
                                "trap" : {
                                  "title" : "Options pertaining to TRAP.",
                                  "description" : "Options pertaining to TRAP.",
                                  "type" : "object",
                                  "properties" : {
                                    "compression" : {
                                      "title" : "Controls compression for the TRAP files written by the extractor.",
                                      "description" : "This option is only intended for use in debugging the extractor. Accepted values are 'brotli' (the default, to write brotli-compressed TRAP), 'gzip', and 'none' (to write uncompressed TRAP).\n",
                                      "type" : "string",
                                      "pattern" : "^(none|gzip|brotli)$"
                                    }
                                  }
                                },
                                "buildless" : {
                                  "title" : "DEPRECATED - Whether to use buildless (standalone) extraction.",
                                  "description" : "DEPRECATED: Use `--build-mode none` instead.\nA value indicating, which type of extraction the autobuilder should perform. If 'true', then the standalone extractor will be used, otherwise tracing extraction will be performed. The default is 'false'. Note that buildless extraction will generally yield less accurate analysis results, and should only be used in cases where it is not possible to build the code (for example if it uses inaccessible dependencies).\n",
                                  "type" : "string",
                                  "pattern" : "^(false|true)$"
                                },
                                "logging" : {
                                  "title" : "Options pertaining to logging.",
                                  "description" : "Options pertaining to logging.",
                                  "type" : "object",
                                  "properties" : {
                                    "verbosity" : {
                                      "title" : "Extractor logging verbosity level.",
                                      "description" : "Controls the level of verbosity of the extractor. The supported levels are (in order of increasing verbosity):\n  - off\n  - errors\n  - warnings\n  - info or progress\n  - debug or progress+\n  - trace or progress++\n  - progress+++\n",
                                      "type" : "string",
                                      "pattern" : "^(off|errors|warnings|(info|progress)|(debug|progress\\+)|(trace|progress\\+\\+)|progress\\+\\+\\+)$"
                                    }
                                  }
                                },
                                "binlog" : {
                                  "title" : "Binlog",
                                  "description" : "[EXPERIMENTAL] The value is a path to the MsBuild binary log file that should be extracted. This option only works when `--build-mode none` is also specified.\n",
                                  "type" : "array"
                                }
                              }
                            }
                          ],
                          "csv" : [
                            {
                              "extractor_root" : "C:\\Users\\User\\Desktop\\CodeQL\\codeql\\csv"
                            }
                          ],
                          "go" : [
                            {
                              "extractor_root" : "C:\\Users\\User\\Desktop\\CodeQL\\codeql\\go",
                              "extractor_options" : {
                                "extract_tests" : {
                                  "title" : "Whether to include Go test files in the CodeQL database.",
                                  "description" : "A value indicating whether Go test files should be included in the CodeQL database. The default is 'false'.\n",
                                  "type" : "string",
                                  "pattern" : "^(false|true)$"
                                },
                                "extract_vendor_dirs" : {
                                  "title" : "Whether to include Go vendor directories in the CodeQL database.",
                                  "description" : "A value indicating whether Go vendor directories should be included in the CodeQL database. The default is 'false'.\n",
                                  "type" : "string",
                                  "pattern" : "^(false|true)$"
                                }
                              }
                            }
                          ],
                          "html" : [
                            {
                              "extractor_root" : "C:\\Users\\User\\Desktop\\CodeQL\\codeql\\html"
                            }
                          ],
                          "java" : [
                            {
                              "extractor_root" : "C:\\Users\\User\\Desktop\\CodeQL\\codeql\\java",
                              "extractor_options" : {
                                "exclude" : {
                                  "title" : "A glob excluding files from analysis.",
                                  "description" : "A glob indicating what files to exclude from the analysis. This accepts glob patterns that are supported by Java's 'getPathMatcher' implementation.\n",
                                  "type" : "string"
                                },
                                "add_prefer_source" : {
                                  "title" : "Whether to always prefer source files over class files.",
                                  "description" : "A value indicating whether source files should be preferred over class files. If set to 'true', the extraction adds '-Xprefer:source' to the javac command line. If set to 'false', the extraction uses the default javac behavior ('-Xprefer:newer'). The default is 'true'.\n",
                                  "type" : "string",
                                  "pattern" : "^(false|true)$"
                                },
                                "buildless" : {
                                  "title" : "Whether to use buildless (standalone) extraction (experimental).",
                                  "description" : "A value indicating, which type of extraction the autobuilder should perform. If 'true', then the standalone extractor will be used, otherwise tracing extraction will be performed. The default is 'false'. Note that buildless extraction will generally yield less accurate analysis results, and should only be used in cases where it is not possible to build the code (for example if it uses inaccessible dependencies).\n",
                                  "type" : "string",
                                  "pattern" : "^(false|true)$"
                                },
                                "buildless_dependency_dir" : {
                                  "title" : "The path where buildless (standalone) extraction should keep dependencies.",
                                  "description" : "If set, the buildless (standalone) extractor will store dependencies in this directory.\n",
                                  "type" : "string"
                                },
                                "minimize_dependency_jars" : {
                                  "title" : "Whether to rewrite and minimize downloaded JAR dependencies (experimental).",
                                  "description" : "If 'true', JAR dependencies downloaded during extraction will be rewritten to remove unneeded data, such as method bodies. The default is 'false'.\n",
                                  "type" : "string",
                                  "pattern" : "^(false|true)$"
                                }
                              }
                            }
                          ],
                          "javascript" : [
                            {
                              "extractor_root" : "C:\\Users\\User\\Desktop\\CodeQL\\codeql\\javascript",
                              "extractor_options" : {
                                "skip_types" : {
                                  "title" : "Skip type extraction for TypeScript",
                                  "description" : "Whether to skip the extraction of types in a TypeScript application",
                                  "type" : "string",
                                  "pattern" : "^(false|true)$"
                                }
                              }
                            }
                          ],
                          "properties" : [
                            {
                              "extractor_root" : "C:\\Users\\User\\Desktop\\CodeQL\\codeql\\properties"
                            }
                          ],
                          "python" : [
                            {
                              "extractor_root" : "C:\\Users\\User\\Desktop\\CodeQL\\codeql\\python",
                              "extractor_options" : {
                                "logging" : {
                                  "title" : "Options pertaining to logging.",
                                  "description" : "Options pertaining to logging.",
                                  "type" : "object",
                                  "properties" : {
                                    "verbosity" : {
                                      "title" : "Python extractor logging verbosity level.",
                                      "description" : "Controls the level of verbosity of the CodeQL Python extractor.\nThe supported levels are (in order of increasing verbosity):\n\n  - off\n  - errors\n  - warnings\n  - info or progress\n  - debug or progress+\n  - trace or progress++\n  - progress+++\n",
                                      "type" : "string",
                                      "pattern" : "^(off|errors|warnings|(info|progress)|(debug|progress\\+)|(trace|progress\\+\\+)|progress\\+\\+\\+)$"
                                    }
                                  }
                                },
                                "python_executable_name" : {
                                  "title" : "Controls the name of the Python executable used by the Python extractor.",
                                  "description" : "The Python extractor uses platform-dependent heuristics to determine the name of the Python executable to use. Specifying a value for this option overrides the name of the Python executable used by the extractor. Accepted values are py, python and python3. Use this setting with caution, the Python extractor requires Python 3 to run.\n",
                                  "type" : "string",
                                  "pattern" : "^(py|python|python3)$"
                                }
                              }
                            }
                          ],
                          "ruby" : [
                            {
                              "extractor_root" : "C:\\Users\\User\\Desktop\\CodeQL\\codeql\\ruby",
                              "extractor_options" : {
                                "trap" : {
                                  "title" : "Options pertaining to TRAP.",
                                  "description" : "Options pertaining to TRAP.",
                                  "type" : "object",
                                  "properties" : {
                                    "compression" : {
                                      "title" : "Controls compression for the TRAP files written by the extractor.",
                                      "description" : "This option is only intended for use in debugging the extractor. Accepted values are 'gzip' (the default, to write gzip-compressed TRAP) 'zstd' (to write Zstandard-compressed TRAP) and 'none' (to write uncompressed TRAP).\n",
                                      "type" : "string",
                                      "pattern" : "^(none|gzip|zstd)$"
                                    }
                                  }
                                }
                              }
                            }
                          ],
                          "rust" : [
                            {
                              "extractor_root" : "C:\\Users\\User\\Desktop\\CodeQL\\codeql\\rust",
                              "extractor_options" : {
                                "trap" : {
                                  "title" : "Options pertaining to TRAP.",
                                  "description" : "Options pertaining to TRAP.",
                                  "type" : "object",
                                  "properties" : {
                                    "compression" : {
                                      "title" : "Controls compression for the TRAP files written by the extractor.",
                                      "description" : "This option is only intended for use in debugging the extractor. Accepted values are 'gzip' (to write gzip-compressed TRAP) 'zstd' (to write Zstandard-compressed TRAP) and 'none' (the default, to write uncompressed TRAP).\n",
                                      "type" : "string",
                                      "pattern" : "^(none|gzip|zstd)$"
                                    }
                                  }
                                },
                                "cargo_target_dir" : {
                                  "title" : "Directory to use for cargo output files.",
                                  "description" : "This value is an optional path to use as `CARGO_TARGET_DIR` for the internal cargo commands the extractor uses. Pointing it to a persistent directory may reduce execution time of consecutive extractor runs. By default, a new scratch directory is used for each run.\n",
                                  "type" : "string"
                                },
                                "cargo_target" : {
                                  "title" : "Target architecture",
                                  "description" : "Target architecture to use for analysis, analogous to `cargo --target`. By default the host architecture is used.\n",
                                  "type" : "string"
                                },
                                "cargo_features" : {
                                  "title" : "Cargo features to turn on",
                                  "description" : "Comma-separated list of features to turn on. By default all features are enabled. If any features are specified, then only those features are enabled. The `default` feature must be explicitly specified if only default features are desired. Can be repeated.\n",
                                  "type" : "array"
                                },
                                "cargo_cfg_overrides" : {
                                  "title" : "Cargo cfg overrides",
                                  "description" : "Comma-separated list of cfg settings to enable, or disable if prefixed with `-`. Can be repeated.\n",
                                  "type" : "array"
                                },
                                "logging" : {
                                  "title" : "Options pertaining to logging.",
                                  "description" : "Options pertaining to logging.",
                                  "type" : "object",
                                  "properties" : {
                                    "verbosity" : {
                                      "title" : "Extractor logging verbosity level.",
                                      "description" : "Controls the level of verbosity of the extractor. The supported levels are (in order of increasing verbosity):\n  - off\n  - errors\n  - warnings\n  - info or progress\n  - debug or progress+\n  - trace or progress++\n  - progress+++\n",
                                      "type" : "string",
                                      "pattern" : "^(off|errors|warnings|(info|progress)|(debug|progress\\+)|(trace|progress\\+\\+)|progress\\+\\+\\+)$"
                                    },
                                    "flamegraph" : {
                                      "title" : "[Experimental] File path for write flame graph log",
                                      "description" : "Collect flame graph data using the `tracing-flame` crate. To render a flame graph or chart, run the `inferno-flamegraph` command. See also: https://crates.io/crates/tracing-flame\n",
                                      "type" : "string"
                                    }
                                  }
                                },
                                "extract_dependencies_as_source" : {
                                  "title" : "Extract dependencies as source code",
                                  "description" : "Extract the full source code of dependencies instead of only extracting signatures.\n",
                                  "type" : "string",
                                  "pattern" : "^(false|true)$"
                                }
                              }
                            }
                          ],
                          "swift" : [
                            {
                              "extractor_root" : "C:\\Users\\User\\Desktop\\CodeQL\\codeql\\swift"
                            }
                          ],
                          "xml" : [
                            {
                              "extractor_root" : "C:\\Users\\User\\Desktop\\CodeQL\\codeql\\xml"
                            }
                          ],
                          "yaml" : [
                            {
                              "extractor_root" : "C:\\Users\\User\\Desktop\\CodeQL\\codeql\\yaml"
                            }
                          ]
                        }
                      }
[2025-10-27 16:43:17] [PROGRESS] database init> Calculating baseline information in C:\Users\User\Desktop\ETF\codeql-csharp-demo\DemoApp
[2025-10-27 16:43:17] [SPAMMY] database init> Ignoring the following directories when processing baseline information: .git, .hg, .svn.
[2025-10-27 16:43:17] [DETAILS] database init> Running command in C:\Users\User\Desktop\ETF\codeql-csharp-demo\DemoApp: C:\Users\User\Desktop\CodeQL\codeql\tools\win64\scc.exe --by-file --exclude-dir .git,.hg,.svn --format json --no-large --no-min .
[2025-10-27 16:43:18] [SPAMMY] database init> Found 4 baseline files for csharp.
[2025-10-27 16:43:18] [PROGRESS] database init> Calculated baseline information for languages: csharp (136ms).
[2025-10-27 16:43:18] [PROGRESS] database init> Resolving extractor csharp.
[2025-10-27 16:43:18] [DETAILS] database init> Found candidate extractor root for csharp: C:\Users\User\Desktop\CodeQL\codeql\csharp.
[2025-10-27 16:43:18] [PROGRESS] database init> Successfully loaded extractor C# (csharp) from C:\Users\User\Desktop\CodeQL\codeql\csharp.
[2025-10-27 16:43:18] [PROGRESS] database init> Created skeleton CodeQL database at C:\Users\User\Desktop\ETF\codeql-csharp-demo\DemoApp\db-csharp. This in-progress database is ready to be populated by an extractor.
[2025-10-27 16:43:18] Plumbing command codeql database init completed.
[2025-10-27 16:43:18] [PROGRESS] database create> Running build command: [C:\Program Files (x86)\Microsoft Visual Studio\2022\BuildTools\MSBuild\Current\Bin\MSBuild.exe, DemoApp.csproj, /t:Rebuild, /p:Configuration=Debug]
[2025-10-27 16:43:18] Running plumbing command: codeql database trace-command --working-dir=C:\Users\User\Desktop\ETF\codeql-csharp-demo\DemoApp --index-traceless-dbs --no-db-cluster -- C:\Users\User\Desktop\ETF\codeql-csharp-demo\DemoApp\db-csharp C:\Program Files (x86)\Microsoft Visual Studio\2022\BuildTools\MSBuild\Current\Bin\MSBuild.exe DemoApp.csproj /t:Rebuild /p:Configuration=Debug
[2025-10-27 16:43:18] [PROGRESS] database trace-command> Running command in C:\Users\User\Desktop\ETF\codeql-csharp-demo\DemoApp: [C:\Program Files (x86)\Microsoft Visual Studio\2022\BuildTools\MSBuild\Current\Bin\MSBuild.exe, DemoApp.csproj, /t:Rebuild, /p:Configuration=Debug]
[2025-10-27 16:43:19] [build-stdout] MSBuild version 17.14.23+b0019275e for .NET Framework
[2025-10-27 16:43:19] [build-stdout] Build started 27. 10. 2025. 16:43:19.
[2025-10-27 16:43:21] [build-stdout] Project "C:\Users\User\Desktop\ETF\codeql-csharp-demo\DemoApp\DemoApp.csproj" on node 1 (Rebuild target(s)).
[2025-10-27 16:43:21] [build-stdout] CoreClean:
[2025-10-27 16:43:21] [build-stdout]   Deleting file "C:\Users\User\Desktop\ETF\codeql-csharp-demo\DemoApp\bin\Debug\net9.0\DemoApp.exe".
[2025-10-27 16:43:21] [build-stdout]   Deleting file "C:\Users\User\Desktop\ETF\codeql-csharp-demo\DemoApp\bin\Debug\net9.0\DemoApp.deps.json".
[2025-10-27 16:43:21] [build-stdout]   Deleting file "C:\Users\User\Desktop\ETF\codeql-csharp-demo\DemoApp\bin\Debug\net9.0\DemoApp.runtimeconfig.json".
[2025-10-27 16:43:21] [build-stdout]   Deleting file "C:\Users\User\Desktop\ETF\codeql-csharp-demo\DemoApp\bin\Debug\net9.0\DemoApp.dll".
[2025-10-27 16:43:21] [build-stdout]   Deleting file "C:\Users\User\Desktop\ETF\codeql-csharp-demo\DemoApp\bin\Debug\net9.0\DemoApp.pdb".
[2025-10-27 16:43:21] [build-stdout]   Deleting file "C:\Users\User\Desktop\ETF\codeql-csharp-demo\DemoApp\obj\Debug\net9.0\DemoApp.GeneratedMSBuildEditorConfig.editorconfig".
[2025-10-27 16:43:21] [build-stdout]   Deleting file "C:\Users\User\Desktop\ETF\codeql-csharp-demo\DemoApp\obj\Debug\net9.0\DemoApp.AssemblyInfoInputs.cache".
[2025-10-27 16:43:21] [build-stdout]   Deleting file "C:\Users\User\Desktop\ETF\codeql-csharp-demo\DemoApp\obj\Debug\net9.0\DemoApp.AssemblyInfo.cs".
[2025-10-27 16:43:21] [build-stdout]   Deleting file "C:\Users\User\Desktop\ETF\codeql-csharp-demo\DemoApp\obj\Debug\net9.0\DemoApp.csproj.CoreCompileInputs.cache".
[2025-10-27 16:43:21] [build-stdout]   Deleting file "C:\Users\User\Desktop\ETF\codeql-csharp-demo\DemoApp\obj\Debug\net9.0\DemoApp.dll".
[2025-10-27 16:43:21] [build-stdout]   Deleting file "C:\Users\User\Desktop\ETF\codeql-csharp-demo\DemoApp\obj\Debug\net9.0\refint\DemoApp.dll".
[2025-10-27 16:43:21] [build-stdout]   Deleting file "C:\Users\User\Desktop\ETF\codeql-csharp-demo\DemoApp\obj\Debug\net9.0\DemoApp.pdb".
[2025-10-27 16:43:21] [build-stdout]   Deleting file "C:\Users\User\Desktop\ETF\codeql-csharp-demo\DemoApp\obj\Debug\net9.0\DemoApp.genruntimeconfig.cache".
[2025-10-27 16:43:21] [build-stdout]   Deleting file "C:\Users\User\Desktop\ETF\codeql-csharp-demo\DemoApp\obj\Debug\net9.0\ref\DemoApp.dll".
[2025-10-27 16:43:21] [build-stdout] _GenerateSourceLinkFile:
[2025-10-27 16:43:21] [build-stdout]   Source Link is empty, file 'obj\Debug\net9.0\DemoApp.sourcelink.json' does not exist.
[2025-10-27 16:43:21] [build-stdout] CoreCompile:
[2025-10-27 16:43:21] [build-stdout]   c:\program files (x86)\microsoft visual studio\2022\buildtools\msbuild\current\bin\Roslyn\csc.exe /noconfig /unsafe- /checked- /nowarn:1701,1702,1701,1702 /fullpaths /nostdlib+ /errorreport:prompt /warn:9 /define:TRACE;DEBUG;NET;NET9_0;NETCOREAPP;NET5_0_OR_GREATER;NET6_0_OR_GREATER;NET7_0_OR_GREATER;NET8_0_OR_GREATER;NET9_0_OR_GREATER;NETCOREAPP1_0_OR_GREATER;NETCOREAPP1_1_OR_GREATER;NETCOREAPP2_0_OR_GREATER;NETCOREAPP2_1_OR_GREATER;NETCOREAPP2_2_OR_GREATER;NETCOREAPP3_0_OR_GREATER;NETCOREAPP3_1_OR_GREATER /highentropyva+ /nullable:enable /reference:"C:\Program Files\dotnet\packs\Microsoft.NETCore.App.Ref\9.0.10\ref\net9.0\Microsoft.CSharp.dll" /reference:"C:\Program Files\dotnet\packs\Microsoft.NETCore.App.Ref\9.0.10\ref\net9.0\Microsoft.VisualBasic.Core.dll" /reference:"C:\Program Files\dotnet\packs\Microsoft.NETCore.App.Ref\9.0.10\ref\net9.0\Microsoft.VisualBasic.dll" /reference:"C:\Program Files\dotnet\packs\Microsoft.NETCore.App.Ref\9.0.10\ref\net9.0\Microsoft.Win32.Primitives.dll" /reference:"C:\Program Files\dotnet\packs\Microsoft.NETCore.App.Ref\9.0.10\ref\net9.0\Microsoft.Win32.Registry.dll" /reference:"C:\Program Files\dotnet\packs\Microsoft.NETCore.App.Ref\9.0.10\ref\net9.0\mscorlib.dll" /reference:"C:\Program Files\dotnet\packs\Microsoft.NETCore.App.Ref\9.0.10\ref\net9.0\netstandard.dll" /reference:"C:\Program Files\dotnet\packs\Microsoft.NETCore.App.Ref\9.0.10\ref\net9.0\System.AppContext.dll" /reference:"C:\Program Files\dotnet\packs\Microsoft.NETCore.App.Ref\9.0.10\ref\net9.0\System.Buffers.dll" /reference:"C:\Program Files\dotnet\packs\Microsoft.NETCore.App.Ref\9.0.10\ref\net9.0\System.Collections.Concurrent.dll" /reference:"C:\Program Files\dotnet\packs\Microsoft.NETCore.App.Ref\9.0.10\ref\net9.0\System.Collections.dll" /reference:"C:\Program Files\dotnet\packs\Microsoft.NETCore.App.Ref\9.0.10\ref\net9.0\System.Collections.Immutable.dll" /reference:"C:\Program Files\dotnet\packs\Microsoft.NETCore.App.Ref\9.0.10\ref\net9.0\System.Collections.NonGeneric.dll" /reference:"C:\Program Files\dotnet\packs\Microsoft.NETCore.App.Ref\9.0.10\ref\net9.0\System.Collections.Specialized.dll" /reference:"C:\Program Files\dotnet\packs\Microsoft.NETCore.App.Ref\9.0.10\ref\net9.0\System.ComponentModel.Annotations.dll" /reference:"C:\Program Files\dotnet\packs\Microsoft.NETCore.App.Ref\9.0.10\ref\net9.0\System.ComponentModel.DataAnnotations.dll" /reference:"C:\Program Files\dotnet\packs\Microsoft.NETCore.App.Ref\9.0.10\ref\net9.0\System.ComponentModel.dll" /reference:"C:\Program Files\dotnet\packs\Microsoft.NETCore.App.Ref\9.0.10\ref\net9.0\System.ComponentModel.EventBasedAsync.dll" /reference:"C:\Program Files\dotnet\packs\Microsoft.NETCore.App.Ref\9.0.10\ref\net9.0\System.ComponentModel.Primitives.dll" /reference:"C:\Program Files\dotnet\packs\Microsoft.NETCore.App.Ref\9.0.10\ref\net9.0\System.ComponentModel.TypeConverter.dll" /reference:"C:\Program Files\dotnet\packs\Microsoft.NETCore.App.Ref\9.0.10\ref\net9.0\System.Configuration.dll" /reference:"C:\Program Files\dotnet\packs\Microsoft.NETCore.App.Ref\9.0.10\ref\net9.0\System.Console.dll" /reference:"C:\Program Files\dotnet\packs\Microsoft.NETCore.App.Ref\9.0.10\ref\net9.0\System.Core.dll" /reference:"C:\Program Files\dotnet\packs\Microsoft.NETCore.App.Ref\9.0.10\ref\net9.0\System.Data.Common.dll" /reference:"C:\Program Files\dotnet\packs\Microsoft.NETCore.App.Ref\9.0.10\ref\net9.0\System.Data.DataSetExtensions.dll" /reference:"C:\Program Files\dotnet\packs\Microsoft.NETCore.App.Ref\9.0.10\ref\net9.0\System.Data.dll" /reference:"C:\Program Files\dotnet\packs\Microsoft.NETCore.App.Ref\9.0.10\ref\net9.0\System.Diagnostics.Contracts.dll" /reference:"C:\Program Files\dotnet\packs\Microsoft.NETCore.App.Ref\9.0.10\ref\net9.0\System.Diagnostics.Debug.dll" /reference:"C:\Program Files\dotnet\packs\Microsoft.NETCore.App.Ref\9.0.10\ref\net9.0\System.Diagnostics.DiagnosticSource.dll" /reference:"C:\Program Files\dotnet\packs\Microsoft.NETCore.App.Ref\9.0.10\ref\net9.0\System.Diagnostics.FileVersionInfo.dll" /reference:"C:\Program Files\dotnet\packs\Microsoft.NETCore.App.Ref\9.0.10\ref\net9.0\System.Diagnostics.Process.dll" /reference:"C:\Program Files\dotnet\packs\Microsoft.NETCore.App.Ref\9.0.10\ref\net9.0\System.Diagnostics.StackTrace.dll" /reference:"C:\Program Files\dotnet\packs\Microsoft.NETCore.App.Ref\9.0.10\ref\net9.0\System.Diagnostics.TextWriterTraceListener.dll" /reference:"C:\Program Files\dotnet\packs\Microsoft.NETCore.App.Ref\9.0.10\ref\net9.0\System.Diagnostics.Tools.dll" /reference:"C:\Program Files\dotnet\packs\Microsoft.NETCore.App.Ref\9.0.10\ref\net9.0\System.Diagnostics.TraceSource.dll" /reference:"C:\Program Files\dotnet\packs\Microsoft.NETCore.App.Ref\9.0.10\ref\net9.0\System.Diagnostics.Tracing.dll" /reference:"C:\Program Files\dotnet\packs\Microsoft.NETCore.App.Ref\9.0.10\ref\net9.0\System.dll" /reference:"C:\Program Files\dotnet\packs\Microsoft.NETCore.App.Ref\9.0.10\ref\net9.0\System.Drawing.dll" /reference:"C:\Program Files\dotnet\packs\Microsoft.NETCore.App.Ref\9.0.10\ref\net9.0\System.Drawing.Primitives.dll" /reference:"C:\Program Files\dotnet\packs\Microsoft.NETCore.App.Ref\9.0.10\ref\net9.0\System.Dynamic.Runtime.dll" /reference:"C:\Program Files\dotnet\packs\Microsoft.NETCore.App.Ref\9.0.10\ref\net9.0\System.Formats.Asn1.dll" /reference:"C:\Program Files\dotnet\packs\Microsoft.NETCore.App.Ref\9.0.10\ref\net9.0\System.Formats.Tar.dll" /reference:"C:\Program Files\dotnet\packs\Microsoft.NETCore.App.Ref\9.0.10\ref\net9.0\System.Globalization.Calendars.dll" /reference:"C:\Program Files\dotnet\packs\Microsoft.NETCore.App.Ref\9.0.10\ref\net9.0\System.Globalization.dll" /reference:"C:\Program Files\dotnet\packs\Microsoft.NETCore.App.Ref\9.0.10\ref\net9.0\System.Globalization.Extensions.dll" /reference:"C:\Program Files\dotnet\packs\Microsoft.NETCore.App.Ref\9.0.10\ref\net9.0\System.IO.Compression.Brotli.dll" /reference:"C:\Program Files\dotnet\packs\Microsoft.NETCore.App.Ref\9.0.10\ref\net9.0\System.IO.Compression.dll" /reference:"C:\Program Files\dotnet\packs\Microsoft.NETCore.App.Ref\9.0.10\ref\net9.0\System.IO.Compression.FileSystem.dll" /reference:"C:\Program Files\dotnet\packs\Microsoft.NETCore.App.Ref\9.0.10\ref\net9.0\System.IO.Compression.ZipFile.dll" /reference:"C:\Program Files\dotnet\packs\Microsoft.NETCore.App.Ref\9.0.10\ref\net9.0\System.IO.dll" /reference:"C:\Program Files\dotnet\packs\Microsoft.NETCore.App.Ref\9.0.10\ref\net9.0\System.IO.FileSystem.AccessControl.dll" /reference:"C:\Program Files\dotnet\packs\Microsoft.NETCore.App.Ref\9.0.10\ref\net9.0\System.IO.FileSystem.dll" /reference:"C:\Program Files\dotnet\packs\Microsoft.NETCore.App.Ref\9.0.10\ref\net9.0\System.IO.FileSystem.DriveInfo.dll" /reference:"C:\Program Files\dotnet\packs\Microsoft.NETCore.App.Ref\9.0.10\ref\net9.0\System.IO.FileSystem.Primitives.dll" /reference:"C:\Program Files\dotnet\packs\Microsoft.NETCore.App.Ref\9.0.10\ref\net9.0\System.IO.FileSystem.Watcher.dll" /reference:"C:\Program Files\dotnet\packs\Microsoft.NETCore.App.Ref\9.0.10\ref\net9.0\System.IO.IsolatedStorage.dll" /reference:"C:\Program Files\dotnet\packs\Microsoft.NETCore.App.Ref\9.0.10\ref\net9.0\System.IO.MemoryMappedFiles.dll" /reference:"C:\Program Files\dotnet\packs\Microsoft.NETCore.App.Ref\9.0.10\ref\net9.0\System.IO.Pipelines.dll" /reference:"C:\Program Files\dotnet\packs\Microsoft.NETCore.App.Ref\9.0.10\ref\net9.0\System.IO.Pipes.AccessControl.dll" /reference:"C:\Program Files\dotnet\packs\Microsoft.NETCore.App.Ref\9.0.10\ref\net9.0\System.IO.Pipes.dll" /reference:"C:\Program Files\dotnet\packs\Microsoft.NETCore.App.Ref\9.0.10\ref\net9.0\System.IO.UnmanagedMemoryStream.dll" /reference:"C:\Program Files\dotnet\packs\Microsoft.NETCore.App.Ref\9.0.10\ref\net9.0\System.Linq.dll" /reference:"C:\Program Files\dotnet\packs\Microsoft.NETCore.App.Ref\9.0.10\ref\net9.0\System.Linq.Expressions.dll" /reference:"C:\Program Files\dotnet\packs\Microsoft.NETCore.App.Ref\9.0.10\ref\net9.0\System.Linq.Parallel.dll" /reference:"C:\Program Files\dotnet\packs\Microsoft.NETCore.App.Ref\9.0.10\ref\net9.0\System.Linq.Queryable.dll" /reference:"C:\Program Files\dotnet\packs\Microsoft.NETCore.App.Ref\9.0.10\ref\net9.0\System.Memory.dll"
[2025-10-27 16:43:21] [build-stdout]  /reference:"C:\Program Files\dotnet\packs\Microsoft.NETCore.App.Ref\9.0.10\ref\net9.0\System.Net.dll" /reference:"C:\Program Files\dotnet\packs\Microsoft.NETCore.App.Ref\9.0.10\ref\net9.0\System.Net.Http.dll" /reference:"C:\Program Files\dotnet\packs\Microsoft.NETCore.App.Ref\9.0.10\ref\net9.0\System.Net.Http.Json.dll" /reference:"C:\Program Files\dotnet\packs\Microsoft.NETCore.App.Ref\9.0.10\ref\net9.0\System.Net.HttpListener.dll" /reference:"C:\Program Files\dotnet\packs\Microsoft.NETCore.App.Ref\9.0.10\ref\net9.0\System.Net.Mail.dll" /reference:"C:\Program Files\dotnet\packs\Microsoft.NETCore.App.Ref\9.0.10\ref\net9.0\System.Net.NameResolution.dll" /reference:"C:\Program Files\dotnet\packs\Microsoft.NETCore.App.Ref\9.0.10\ref\net9.0\System.Net.NetworkInformation.dll" /reference:"C:\Program Files\dotnet\packs\Microsoft.NETCore.App.Ref\9.0.10\ref\net9.0\System.Net.Ping.dll" /reference:"C:\Program Files\dotnet\packs\Microsoft.NETCore.App.Ref\9.0.10\ref\net9.0\System.Net.Primitives.dll" /reference:"C:\Program Files\dotnet\packs\Microsoft.NETCore.App.Ref\9.0.10\ref\net9.0\System.Net.Quic.dll" /reference:"C:\Program Files\dotnet\packs\Microsoft.NETCore.App.Ref\9.0.10\ref\net9.0\System.Net.Requests.dll" /reference:"C:\Program Files\dotnet\packs\Microsoft.NETCore.App.Ref\9.0.10\ref\net9.0\System.Net.Security.dll" /reference:"C:\Program Files\dotnet\packs\Microsoft.NETCore.App.Ref\9.0.10\ref\net9.0\System.Net.ServicePoint.dll" /reference:"C:\Program Files\dotnet\packs\Microsoft.NETCore.App.Ref\9.0.10\ref\net9.0\System.Net.Sockets.dll" /reference:"C:\Program Files\dotnet\packs\Microsoft.NETCore.App.Ref\9.0.10\ref\net9.0\System.Net.WebClient.dll" /reference:"C:\Program Files\dotnet\packs\Microsoft.NETCore.App.Ref\9.0.10\ref\net9.0\System.Net.WebHeaderCollection.dll" /reference:"C:\Program Files\dotnet\packs\Microsoft.NETCore.App.Ref\9.0.10\ref\net9.0\System.Net.WebProxy.dll" /reference:"C:\Program Files\dotnet\packs\Microsoft.NETCore.App.Ref\9.0.10\ref\net9.0\System.Net.WebSockets.Client.dll" /reference:"C:\Program Files\dotnet\packs\Microsoft.NETCore.App.Ref\9.0.10\ref\net9.0\System.Net.WebSockets.dll" /reference:"C:\Program Files\dotnet\packs\Microsoft.NETCore.App.Ref\9.0.10\ref\net9.0\System.Numerics.dll" /reference:"C:\Program Files\dotnet\packs\Microsoft.NETCore.App.Ref\9.0.10\ref\net9.0\System.Numerics.Vectors.dll" /reference:"C:\Program Files\dotnet\packs\Microsoft.NETCore.App.Ref\9.0.10\ref\net9.0\System.ObjectModel.dll" /reference:"C:\Program Files\dotnet\packs\Microsoft.NETCore.App.Ref\9.0.10\ref\net9.0\System.Reflection.DispatchProxy.dll" /reference:"C:\Program Files\dotnet\packs\Microsoft.NETCore.App.Ref\9.0.10\ref\net9.0\System.Reflection.dll" /reference:"C:\Program Files\dotnet\packs\Microsoft.NETCore.App.Ref\9.0.10\ref\net9.0\System.Reflection.Emit.dll" /reference:"C:\Program Files\dotnet\packs\Microsoft.NETCore.App.Ref\9.0.10\ref\net9.0\System.Reflection.Emit.ILGeneration.dll" /reference:"C:\Program Files\dotnet\packs\Microsoft.NETCore.App.Ref\9.0.10\ref\net9.0\System.Reflection.Emit.Lightweight.dll" /reference:"C:\Program Files\dotnet\packs\Microsoft.NETCore.App.Ref\9.0.10\ref\net9.0\System.Reflection.Extensions.dll" /reference:"C:\Program Files\dotnet\packs\Microsoft.NETCore.App.Ref\9.0.10\ref\net9.0\System.Reflection.Metadata.dll" /reference:"C:\Program Files\dotnet\packs\Microsoft.NETCore.App.Ref\9.0.10\ref\net9.0\System.Reflection.Primitives.dll" /reference:"C:\Program Files\dotnet\packs\Microsoft.NETCore.App.Ref\9.0.10\ref\net9.0\System.Reflection.TypeExtensions.dll" /reference:"C:\Program Files\dotnet\packs\Microsoft.NETCore.App.Ref\9.0.10\ref\net9.0\System.Resources.Reader.dll" /reference:"C:\Program Files\dotnet\packs\Microsoft.NETCore.App.Ref\9.0.10\ref\net9.0\System.Resources.ResourceManager.dll" /reference:"C:\Program Files\dotnet\packs\Microsoft.NETCore.App.Ref\9.0.10\ref\net9.0\System.Resources.Writer.dll" /reference:"C:\Program Files\dotnet\packs\Microsoft.NETCore.App.Ref\9.0.10\ref\net9.0\System.Runtime.CompilerServices.Unsafe.dll" /reference:"C:\Program Files\dotnet\packs\Microsoft.NETCore.App.Ref\9.0.10\ref\net9.0\System.Runtime.CompilerServices.VisualC.dll" /reference:"C:\Program Files\dotnet\packs\Microsoft.NETCore.App.Ref\9.0.10\ref\net9.0\System.Runtime.dll" /reference:"C:\Program Files\dotnet\packs\Microsoft.NETCore.App.Ref\9.0.10\ref\net9.0\System.Runtime.Extensions.dll" /reference:"C:\Program Files\dotnet\packs\Microsoft.NETCore.App.Ref\9.0.10\ref\net9.0\System.Runtime.Handles.dll" /reference:"C:\Program Files\dotnet\packs\Microsoft.NETCore.App.Ref\9.0.10\ref\net9.0\System.Runtime.InteropServices.dll" /reference:"C:\Program Files\dotnet\packs\Microsoft.NETCore.App.Ref\9.0.10\ref\net9.0\System.Runtime.InteropServices.JavaScript.dll" /reference:"C:\Program Files\dotnet\packs\Microsoft.NETCore.App.Ref\9.0.10\ref\net9.0\System.Runtime.InteropServices.RuntimeInformation.dll" /reference:"C:\Program Files\dotnet\packs\Microsoft.NETCore.App.Ref\9.0.10\ref\net9.0\System.Runtime.Intrinsics.dll" /reference:"C:\Program Files\dotnet\packs\Microsoft.NETCore.App.Ref\9.0.10\ref\net9.0\System.Runtime.Loader.dll" /reference:"C:\Program Files\dotnet\packs\Microsoft.NETCore.App.Ref\9.0.10\ref\net9.0\System.Runtime.Numerics.dll" /reference:"C:\Program Files\dotnet\packs\Microsoft.NETCore.App.Ref\9.0.10\ref\net9.0\System.Runtime.Serialization.dll" /reference:"C:\Program Files\dotnet\packs\Microsoft.NETCore.App.Ref\9.0.10\ref\net9.0\System.Runtime.Serialization.Formatters.dll" /reference:"C:\Program Files\dotnet\packs\Microsoft.NETCore.App.Ref\9.0.10\ref\net9.0\System.Runtime.Serialization.Json.dll" /reference:"C:\Program Files\dotnet\packs\Microsoft.NETCore.App.Ref\9.0.10\ref\net9.0\System.Runtime.Serialization.Primitives.dll" /reference:"C:\Program Files\dotnet\packs\Microsoft.NETCore.App.Ref\9.0.10\ref\net9.0\System.Runtime.Serialization.Xml.dll" /reference:"C:\Program Files\dotnet\packs\Microsoft.NETCore.App.Ref\9.0.10\ref\net9.0\System.Security.AccessControl.dll" /reference:"C:\Program Files\dotnet\packs\Microsoft.NETCore.App.Ref\9.0.10\ref\net9.0\System.Security.Claims.dll" /reference:"C:\Program Files\dotnet\packs\Microsoft.NETCore.App.Ref\9.0.10\ref\net9.0\System.Security.Cryptography.Algorithms.dll" /reference:"C:\Program Files\dotnet\packs\Microsoft.NETCore.App.Ref\9.0.10\ref\net9.0\System.Security.Cryptography.Cng.dll" /reference:"C:\Program Files\dotnet\packs\Microsoft.NETCore.App.Ref\9.0.10\ref\net9.0\System.Security.Cryptography.Csp.dll" /reference:"C:\Program Files\dotnet\packs\Microsoft.NETCore.App.Ref\9.0.10\ref\net9.0\System.Security.Cryptography.dll" /reference:"C:\Program Files\dotnet\packs\Microsoft.NETCore.App.Ref\9.0.10\ref\net9.0\System.Security.Cryptography.Encoding.dll" /reference:"C:\Program Files\dotnet\packs\Microsoft.NETCore.App.Ref\9.0.10\ref\net9.0\System.Security.Cryptography.OpenSsl.dll" /reference:"C:\Program Files\dotnet\packs\Microsoft.NETCore.App.Ref\9.0.10\ref\net9.0\System.Security.Cryptography.Primitives.dll" /reference:"C:\Program Files\dotnet\packs\Microsoft.NETCore.App.Ref\9.0.10\ref\net9.0\System.Security.Cryptography.X509Certificates.dll" /reference:"C:\Program Files\dotnet\packs\Microsoft.NETCore.App.Ref\9.0.10\ref\net9.0\System.Security.dll" /reference:"C:\Program Files\dotnet\packs\Microsoft.NETCore.App.Ref\9.0.10\ref\net9.0\System.Security.Principal.dll" /reference:"C:\Program Files\dotnet\packs\Microsoft.NETCore.App.Ref\9.0.10\ref\net9.0\System.Security.Principal.Windows.dll" /reference:"C:\Program Files\dotnet\packs\Microsoft.NETCore.App.Ref\9.0.10\ref\net9.0\System.Security.SecureString.dll" /reference:"C:\Program Files\dotnet\packs\Microsoft.NETCore.App.Ref\9.0.10\ref\net9.0\System.ServiceModel.Web.dll" /reference:"C:\Program Files\dotnet\packs\Microsoft.NETCore.App.Ref\9.0.10\ref\net9.0\System.ServiceProcess.dll" /reference:"C:\Program Files\dotnet\packs\Microsoft.NETCore.App.Ref\9.0.10\ref\net9.0\System.Text.Encoding.CodePages.dll" /reference:"C:\Program Files\dotnet\packs\Microsoft.NETCore.App.Ref\9.0.10\ref\net9.0\System.Text.Encoding.dll" /reference:"C:\Program Files\dotnet\packs\Microsoft.NETCore.App.Ref\9.0.10\ref\net9.0\System.Text.Encoding.Extensions.dll" /referen
[2025-10-27 16:43:21] [build-stdout] ce:"C:\Program Files\dotnet\packs\Microsoft.NETCore.App.Ref\9.0.10\ref\net9.0\System.Text.Encodings.Web.dll" /reference:"C:\Program Files\dotnet\packs\Microsoft.NETCore.App.Ref\9.0.10\ref\net9.0\System.Text.Json.dll" /reference:"C:\Program Files\dotnet\packs\Microsoft.NETCore.App.Ref\9.0.10\ref\net9.0\System.Text.RegularExpressions.dll" /reference:"C:\Program Files\dotnet\packs\Microsoft.NETCore.App.Ref\9.0.10\ref\net9.0\System.Threading.Channels.dll" /reference:"C:\Program Files\dotnet\packs\Microsoft.NETCore.App.Ref\9.0.10\ref\net9.0\System.Threading.dll" /reference:"C:\Program Files\dotnet\packs\Microsoft.NETCore.App.Ref\9.0.10\ref\net9.0\System.Threading.Overlapped.dll" /reference:"C:\Program Files\dotnet\packs\Microsoft.NETCore.App.Ref\9.0.10\ref\net9.0\System.Threading.Tasks.Dataflow.dll" /reference:"C:\Program Files\dotnet\packs\Microsoft.NETCore.App.Ref\9.0.10\ref\net9.0\System.Threading.Tasks.dll" /reference:"C:\Program Files\dotnet\packs\Microsoft.NETCore.App.Ref\9.0.10\ref\net9.0\System.Threading.Tasks.Extensions.dll" /reference:"C:\Program Files\dotnet\packs\Microsoft.NETCore.App.Ref\9.0.10\ref\net9.0\System.Threading.Tasks.Parallel.dll" /reference:"C:\Program Files\dotnet\packs\Microsoft.NETCore.App.Ref\9.0.10\ref\net9.0\System.Threading.Thread.dll" /reference:"C:\Program Files\dotnet\packs\Microsoft.NETCore.App.Ref\9.0.10\ref\net9.0\System.Threading.ThreadPool.dll" /reference:"C:\Program Files\dotnet\packs\Microsoft.NETCore.App.Ref\9.0.10\ref\net9.0\System.Threading.Timer.dll" /reference:"C:\Program Files\dotnet\packs\Microsoft.NETCore.App.Ref\9.0.10\ref\net9.0\System.Transactions.dll" /reference:"C:\Program Files\dotnet\packs\Microsoft.NETCore.App.Ref\9.0.10\ref\net9.0\System.Transactions.Local.dll" /reference:"C:\Program Files\dotnet\packs\Microsoft.NETCore.App.Ref\9.0.10\ref\net9.0\System.ValueTuple.dll" /reference:"C:\Program Files\dotnet\packs\Microsoft.NETCore.App.Ref\9.0.10\ref\net9.0\System.Web.dll" /reference:"C:\Program Files\dotnet\packs\Microsoft.NETCore.App.Ref\9.0.10\ref\net9.0\System.Web.HttpUtility.dll" /reference:"C:\Program Files\dotnet\packs\Microsoft.NETCore.App.Ref\9.0.10\ref\net9.0\System.Windows.dll" /reference:"C:\Program Files\dotnet\packs\Microsoft.NETCore.App.Ref\9.0.10\ref\net9.0\System.Xml.dll" /reference:"C:\Program Files\dotnet\packs\Microsoft.NETCore.App.Ref\9.0.10\ref\net9.0\System.Xml.Linq.dll" /reference:"C:\Program Files\dotnet\packs\Microsoft.NETCore.App.Ref\9.0.10\ref\net9.0\System.Xml.ReaderWriter.dll" /reference:"C:\Program Files\dotnet\packs\Microsoft.NETCore.App.Ref\9.0.10\ref\net9.0\System.Xml.Serialization.dll" /reference:"C:\Program Files\dotnet\packs\Microsoft.NETCore.App.Ref\9.0.10\ref\net9.0\System.Xml.XDocument.dll" /reference:"C:\Program Files\dotnet\packs\Microsoft.NETCore.App.Ref\9.0.10\ref\net9.0\System.Xml.XmlDocument.dll" /reference:"C:\Program Files\dotnet\packs\Microsoft.NETCore.App.Ref\9.0.10\ref\net9.0\System.Xml.XmlSerializer.dll" /reference:"C:\Program Files\dotnet\packs\Microsoft.NETCore.App.Ref\9.0.10\ref\net9.0\System.Xml.XPath.dll" /reference:"C:\Program Files\dotnet\packs\Microsoft.NETCore.App.Ref\9.0.10\ref\net9.0\System.Xml.XPath.XDocument.dll" /reference:"C:\Program Files\dotnet\packs\Microsoft.NETCore.App.Ref\9.0.10\ref\net9.0\WindowsBase.dll" /debug+ /debug:portable /filealign:512 /generatedfilesout:obj\Debug\net9.0\/generated /optimize- /out:obj\Debug\net9.0\DemoApp.dll /refout:obj\Debug\net9.0\refint\DemoApp.dll /target:exe /warnaserror- /utf8output /deterministic+ /langversion:13.0 /analyzerconfig:obj\Debug\net9.0\DemoApp.GeneratedMSBuildEditorConfig.editorconfig /analyzerconfig:"C:\Program Files\dotnet\sdk\9.0.306\Sdks\Microsoft.NET.Sdk\analyzers\build\config\analysislevel_9_default.globalconfig" /analyzer:"C:\Program Files\dotnet\sdk\9.0.306\Sdks\Microsoft.NET.Sdk\targets\..\analyzers\Microsoft.CodeAnalysis.CSharp.NetAnalyzers.dll" /analyzer:"C:\Program Files\dotnet\sdk\9.0.306\Sdks\Microsoft.NET.Sdk\targets\..\analyzers\Microsoft.CodeAnalysis.NetAnalyzers.dll" /analyzer:"C:\Program Files\dotnet\packs\Microsoft.NETCore.App.Ref\9.0.10\analyzers/dotnet/cs/Microsoft.Interop.ComInterfaceGenerator.dll" /analyzer:"C:\Program Files\dotnet\packs\Microsoft.NETCore.App.Ref\9.0.10\analyzers/dotnet/cs/Microsoft.Interop.JavaScript.JSImportGenerator.dll" /analyzer:"C:\Program Files\dotnet\packs\Microsoft.NETCore.App.Ref\9.0.10\analyzers/dotnet/cs/Microsoft.Interop.LibraryImportGenerator.dll" /analyzer:"C:\Program Files\dotnet\packs\Microsoft.NETCore.App.Ref\9.0.10\analyzers/dotnet/cs/Microsoft.Interop.SourceGeneration.dll" /analyzer:"C:\Program Files\dotnet\packs\Microsoft.NETCore.App.Ref\9.0.10\analyzers/dotnet/cs/System.Text.Json.SourceGeneration.dll" /analyzer:"C:\Program Files\dotnet\packs\Microsoft.NETCore.App.Ref\9.0.10\analyzers/dotnet/cs/System.Text.RegularExpressions.Generator.dll" Program.cs obj\Debug\net9.0\DemoApp.GlobalUsings.g.cs "obj\Debug\net9.0\.NETCoreApp,Version=v9.0.AssemblyAttributes.cs" obj\Debug\net9.0\DemoApp.AssemblyInfo.cs /warnaserror+:NU1605,SYSLIB0011
[2025-10-27 16:43:21] [build-stdout]   CompilerServer: tool - using command line tool by design 'c:\program files (x86)\microsoft visual studio\2022\buildtools\msbuild\current\bin\Roslyn\csc.exe' - DemoApp (net9.0)
[2025-10-27 16:43:35] [build-stdout] C:\Users\User\Desktop\ETF\codeql-csharp-demo\DemoApp\Program.cs(24,17): warning CS0168: The variable 'tmp' is declared but never used [C:\Users\User\Desktop\ETF\codeql-csharp-demo\DemoApp\DemoApp.csproj]
[2025-10-27 16:43:35] [build-stdout] C:\Users\User\Desktop\ETF\codeql-csharp-demo\DemoApp\Program.cs(33,20): warning CS8602: Dereference of a possibly null reference. [C:\Users\User\Desktop\ETF\codeql-csharp-demo\DemoApp\DemoApp.csproj]
[2025-10-27 16:43:35] [build-stdout] C:\Users\User\Desktop\ETF\codeql-csharp-demo\DemoApp\Program.cs(43,21): warning CS0414: The field 'Calculator.total' is assigned but its value is never used [C:\Users\User\Desktop\ETF\codeql-csharp-demo\DemoApp\DemoApp.csproj]
[2025-10-27 16:43:35] [build-stdout] C:\Users\User\Desktop\ETF\codeql-csharp-demo\DemoApp\Program.cs(8,21): warning CS0414: The field 'Calculator._unusedField' is assigned but its value is never used [C:\Users\User\Desktop\ETF\codeql-csharp-demo\DemoApp\DemoApp.csproj]
[2025-10-27 16:43:35] [build-stdout] _CopyOutOfDateSourceItemsToOutputDirectory:
[2025-10-27 16:43:35] [build-stdout]   Copying file from "C:\Users\User\Desktop\ETF\codeql-csharp-demo\DemoApp\obj\Debug\net9.0\apphost.exe" to "C:\Users\User\Desktop\ETF\codeql-csharp-demo\DemoApp\bin\Debug\net9.0\DemoApp.exe".
[2025-10-27 16:43:36] [build-stdout] CopyFilesToOutputDirectory:
[2025-10-27 16:43:36] [build-stdout]   Copying file from "C:\Users\User\Desktop\ETF\codeql-csharp-demo\DemoApp\obj\Debug\net9.0\DemoApp.dll" to "C:\Users\User\Desktop\ETF\codeql-csharp-demo\DemoApp\bin\Debug\net9.0\DemoApp.dll".
[2025-10-27 16:43:36] [build-stdout]   Copying reference assembly from "obj\Debug\net9.0\refint\DemoApp.dll" to "C:\Users\User\Desktop\ETF\codeql-csharp-demo\DemoApp\obj\Debug\net9.0\ref\DemoApp.dll".
[2025-10-27 16:43:36] [build-stdout]   DemoApp -> C:\Users\User\Desktop\ETF\codeql-csharp-demo\DemoApp\bin\Debug\net9.0\DemoApp.dll
[2025-10-27 16:43:36] [build-stdout]   Copying file from "C:\Users\User\Desktop\ETF\codeql-csharp-demo\DemoApp\obj\Debug\net9.0\DemoApp.pdb" to "C:\Users\User\Desktop\ETF\codeql-csharp-demo\DemoApp\bin\Debug\net9.0\DemoApp.pdb".
[2025-10-27 16:43:36] [build-stdout] Done Building Project "C:\Users\User\Desktop\ETF\codeql-csharp-demo\DemoApp\DemoApp.csproj" (Rebuild target(s)).
[2025-10-27 16:43:36] [build-stdout] Build succeeded.
[2025-10-27 16:43:36] [build-stdout] "C:\Users\User\Desktop\ETF\codeql-csharp-demo\DemoApp\DemoApp.csproj" (Rebuild target) (1) ->
[2025-10-27 16:43:36] [build-stdout] (CoreCompile target) -> 
[2025-10-27 16:43:36] [build-stdout]   C:\Users\User\Desktop\ETF\codeql-csharp-demo\DemoApp\Program.cs(24,17): warning CS0168: The variable 'tmp' is declared but never used [C:\Users\User\Desktop\ETF\codeql-csharp-demo\DemoApp\DemoApp.csproj]
[2025-10-27 16:43:36] [build-stdout]   C:\Users\User\Desktop\ETF\codeql-csharp-demo\DemoApp\Program.cs(33,20): warning CS8602: Dereference of a possibly null reference. [C:\Users\User\Desktop\ETF\codeql-csharp-demo\DemoApp\DemoApp.csproj]
[2025-10-27 16:43:36] [build-stdout]   C:\Users\User\Desktop\ETF\codeql-csharp-demo\DemoApp\Program.cs(43,21): warning CS0414: The field 'Calculator.total' is assigned but its value is never used [C:\Users\User\Desktop\ETF\codeql-csharp-demo\DemoApp\DemoApp.csproj]
[2025-10-27 16:43:36] [build-stdout]   C:\Users\User\Desktop\ETF\codeql-csharp-demo\DemoApp\Program.cs(8,21): warning CS0414: The field 'Calculator._unusedField' is assigned but its value is never used [C:\Users\User\Desktop\ETF\codeql-csharp-demo\DemoApp\DemoApp.csproj]
[2025-10-27 16:43:36] [build-stdout]     4 Warning(s)
[2025-10-27 16:43:36] [build-stdout]     0 Error(s)
[2025-10-27 16:43:36] [build-stdout] Time Elapsed 00:00:16.86
[2025-10-27 16:43:36] Plumbing command codeql database trace-command completed.
[2025-10-27 16:43:36] [PROGRESS] database create> Finalizing database at C:\Users\User\Desktop\ETF\codeql-csharp-demo\DemoApp\db-csharp.
[2025-10-27 16:43:36] Running plumbing command: codeql database finalize --no-db-cluster -- C:\Users\User\Desktop\ETF\codeql-csharp-demo\DemoApp\db-csharp
[2025-10-27 16:43:36] Using pre-finalize script C:\Users\User\Desktop\CodeQL\codeql\csharp\tools\pre-finalize.cmd.
[2025-10-27 16:43:36] [PROGRESS] database finalize> Running pre-finalize script C:\Users\User\Desktop\CodeQL\codeql\csharp\tools\pre-finalize.cmd in C:\Users\User\Desktop\ETF\codeql-csharp-demo\DemoApp.
[2025-10-27 16:43:36] Running plumbing command: codeql database trace-command --working-dir=C:\Users\User\Desktop\ETF\codeql-csharp-demo\DemoApp --no-tracing -- C:\Users\User\Desktop\ETF\codeql-csharp-demo\DemoApp\db-csharp C:\Users\User\Desktop\CodeQL\codeql\csharp\tools\pre-finalize.cmd
[2025-10-27 16:43:36] [PROGRESS] database trace-command> Running command in C:\Users\User\Desktop\ETF\codeql-csharp-demo\DemoApp: [C:\Users\User\Desktop\CodeQL\codeql\csharp\tools\pre-finalize.cmd]
[2025-10-27 16:43:38] Plumbing command codeql database trace-command completed.
[2025-10-27 16:43:38] [PROGRESS] database finalize> Pre-finalize script C:\Users\User\Desktop\CodeQL\codeql\csharp\tools\pre-finalize.cmd completed in 2337 ms.
[2025-10-27 16:43:38] [PROGRESS] database finalize> Running TRAP import for CodeQL database at C:\Users\User\Desktop\ETF\codeql-csharp-demo\DemoApp\db-csharp...
[2025-10-27 16:43:38] Running plumbing command: codeql dataset import --dbscheme=C:\Users\User\Desktop\CodeQL\codeql\csharp\semmlecode.csharp.dbscheme -- C:\Users\User\Desktop\ETF\codeql-csharp-demo\DemoApp\db-csharp\db-csharp C:\Users\User\Desktop\ETF\codeql-csharp-demo\DemoApp\db-csharp\trap\csharp
[2025-10-27 16:43:38] Clearing disk cache since the version file C:\Users\User\Desktop\ETF\codeql-csharp-demo\DemoApp\db-csharp\db-csharp\default\cache\version does not exist
[2025-10-27 16:43:38] Tuple pool not found. Clearing relations with cached strings
[2025-10-27 16:43:38] Trimming disk cache at C:\Users\User\Desktop\ETF\codeql-csharp-demo\DemoApp\db-csharp\db-csharp\default\cache in mode clear.
[2025-10-27 16:43:38] Sequence stamp origin is -5987958282740199878
[2025-10-27 16:43:38] Pausing evaluation to hard-clear memory at sequence stamp o+0
[2025-10-27 16:43:38] Unpausing evaluation
[2025-10-27 16:43:38] Pausing evaluation to quickly trim disk at sequence stamp o+1
[2025-10-27 16:43:38] Unpausing evaluation
[2025-10-27 16:43:38] Pausing evaluation to zealously trim disk at sequence stamp o+2
[2025-10-27 16:43:38] Unpausing evaluation
[2025-10-27 16:43:38] Trimming completed (15ms): Purged everything.
[2025-10-27 16:43:39] Scanning for files in C:\Users\User\Desktop\ETF\codeql-csharp-demo\DemoApp\db-csharp\trap\csharp
[2025-10-27 16:43:39] Found 172 TRAP files (8.13 MiB)
[2025-10-27 16:43:39] [PROGRESS] dataset import> Importing TRAP files
[2025-10-27 16:43:39] Importing Microsoft.CSharp.dll.trap.br (1 of 172)
[2025-10-27 16:43:39] Importing Microsoft.VisualBasic.Core.dll.trap.br (2 of 172)
[2025-10-27 16:43:39] Importing Microsoft.VisualBasic.dll.trap.br (3 of 172)
[2025-10-27 16:43:39] Importing Microsoft.Win32.Primitives.dll.trap.br (4 of 172)
[2025-10-27 16:43:39] Importing Microsoft.Win32.Registry.dll.trap.br (5 of 172)
[2025-10-27 16:43:39] Importing System.AppContext.dll.trap.br (6 of 172)
[2025-10-27 16:43:39] Importing System.Buffers.dll.trap.br (7 of 172)
[2025-10-27 16:43:39] Importing System.Collections.Concurrent.dll.trap.br (8 of 172)
[2025-10-27 16:43:39] Importing System.Collections.Immutable.dll.trap.br (9 of 172)
[2025-10-27 16:43:39] Importing System.Collections.NonGeneric.dll.trap.br (10 of 172)
[2025-10-27 16:43:39] Importing System.Collections.Specialized.dll.trap.br (11 of 172)
[2025-10-27 16:43:39] Importing System.Collections.dll.trap.br (12 of 172)
[2025-10-27 16:43:39] Importing System.ComponentModel.Annotations.dll.trap.br (13 of 172)
[2025-10-27 16:43:39] Importing System.ComponentModel.DataAnnotations.dll.trap.br (14 of 172)
[2025-10-27 16:43:39] Importing System.ComponentModel.EventBasedAsync.dll.trap.br (15 of 172)
[2025-10-27 16:43:39] Importing System.ComponentModel.Primitives.dll.trap.br (16 of 172)
[2025-10-27 16:43:39] Importing System.ComponentModel.TypeConverter.dll.trap.br (17 of 172)
[2025-10-27 16:43:40] Importing System.ComponentModel.dll.trap.br (18 of 172)
[2025-10-27 16:43:40] Importing System.Configuration.dll.trap.br (19 of 172)
[2025-10-27 16:43:40] Importing System.Console.dll.trap.br (20 of 172)
[2025-10-27 16:43:40] Importing System.Core.dll.trap.br (21 of 172)
[2025-10-27 16:43:40] Importing System.Data.Common.dll.trap.br (22 of 172)
[2025-10-27 16:43:40] Importing System.Data.DataSetExtensions.dll.trap.br (23 of 172)
[2025-10-27 16:43:40] Importing System.Data.dll.trap.br (24 of 172)
[2025-10-27 16:43:40] Importing System.Diagnostics.Contracts.dll.trap.br (25 of 172)
[2025-10-27 16:43:40] Importing System.Diagnostics.Debug.dll.trap.br (26 of 172)
[2025-10-27 16:43:40] Importing System.Diagnostics.DiagnosticSource.dll.trap.br (27 of 172)
[2025-10-27 16:43:40] Importing System.Diagnostics.FileVersionInfo.dll.trap.br (28 of 172)
[2025-10-27 16:43:40] Importing System.Diagnostics.Process.dll.trap.br (29 of 172)
[2025-10-27 16:43:40] Importing System.Diagnostics.StackTrace.dll.trap.br (30 of 172)
[2025-10-27 16:43:40] Importing System.Diagnostics.TextWriterTraceListener.dll.trap.br (31 of 172)
[2025-10-27 16:43:40] Importing System.Diagnostics.Tools.dll.trap.br (32 of 172)
[2025-10-27 16:43:40] Importing System.Diagnostics.TraceSource.dll.trap.br (33 of 172)
[2025-10-27 16:43:40] Importing System.Diagnostics.Tracing.dll.trap.br (34 of 172)
[2025-10-27 16:43:40] Importing System.Drawing.Primitives.dll.trap.br (35 of 172)
[2025-10-27 16:43:40] Importing System.Drawing.dll.trap.br (36 of 172)
[2025-10-27 16:43:40] Importing System.Dynamic.Runtime.dll.trap.br (37 of 172)
[2025-10-27 16:43:40] Importing System.Formats.Asn1.dll.trap.br (38 of 172)
[2025-10-27 16:43:40] Importing System.Formats.Tar.dll.trap.br (39 of 172)
[2025-10-27 16:43:40] Importing System.Globalization.Calendars.dll.trap.br (40 of 172)
[2025-10-27 16:43:40] Importing System.Globalization.Extensions.dll.trap.br (41 of 172)
[2025-10-27 16:43:40] Importing System.Globalization.dll.trap.br (42 of 172)
[2025-10-27 16:43:40] Importing System.IO.Compression.Brotli.dll.trap.br (43 of 172)
[2025-10-27 16:43:40] Importing System.IO.Compression.FileSystem.dll.trap.br (44 of 172)
[2025-10-27 16:43:40] Importing System.IO.Compression.ZipFile.dll.trap.br (45 of 172)
[2025-10-27 16:43:40] Importing System.IO.Compression.dll.trap.br (46 of 172)
[2025-10-27 16:43:40] Importing System.IO.FileSystem.AccessControl.dll.trap.br (47 of 172)
[2025-10-27 16:43:40] Importing System.IO.FileSystem.DriveInfo.dll.trap.br (48 of 172)
[2025-10-27 16:43:40] Importing System.IO.FileSystem.Primitives.dll.trap.br (49 of 172)
[2025-10-27 16:43:40] Importing System.IO.FileSystem.Watcher.dll.trap.br (50 of 172)
[2025-10-27 16:43:40] Importing System.IO.FileSystem.dll.trap.br (51 of 172)
[2025-10-27 16:43:40] Importing System.IO.IsolatedStorage.dll.trap.br (52 of 172)
[2025-10-27 16:43:40] Importing System.IO.MemoryMappedFiles.dll.trap.br (53 of 172)
[2025-10-27 16:43:40] Importing System.IO.Pipelines.dll.trap.br (54 of 172)
[2025-10-27 16:43:40] Importing System.IO.Pipes.AccessControl.dll.trap.br (55 of 172)
[2025-10-27 16:43:40] Importing System.IO.Pipes.dll.trap.br (56 of 172)
[2025-10-27 16:43:40] Importing System.IO.UnmanagedMemoryStream.dll.trap.br (57 of 172)
[2025-10-27 16:43:40] Importing System.IO.dll.trap.br (58 of 172)
[2025-10-27 16:43:40] Importing System.Linq.Expressions.dll.trap.br (59 of 172)
[2025-10-27 16:43:40] Importing System.Linq.Parallel.dll.trap.br (60 of 172)
[2025-10-27 16:43:40] Importing System.Linq.Queryable.dll.trap.br (61 of 172)
[2025-10-27 16:43:40] Importing System.Linq.dll.trap.br (62 of 172)
[2025-10-27 16:43:40] Importing System.Memory.dll.trap.br (63 of 172)
[2025-10-27 16:43:40] Importing System.Net.Http.Json.dll.trap.br (64 of 172)
[2025-10-27 16:43:40] Importing System.Net.Http.dll.trap.br (65 of 172)
[2025-10-27 16:43:40] Importing System.Net.HttpListener.dll.trap.br (66 of 172)
[2025-10-27 16:43:40] Importing System.Net.Mail.dll.trap.br (67 of 172)
[2025-10-27 16:43:40] Importing System.Net.NameResolution.dll.trap.br (68 of 172)
[2025-10-27 16:43:40] Importing System.Net.NetworkInformation.dll.trap.br (69 of 172)
[2025-10-27 16:43:40] Importing System.Net.Ping.dll.trap.br (70 of 172)
[2025-10-27 16:43:40] Importing System.Net.Primitives.dll.trap.br (71 of 172)
[2025-10-27 16:43:40] Importing System.Net.Quic.dll.trap.br (72 of 172)
[2025-10-27 16:43:40] Importing System.Net.Requests.dll.trap.br (73 of 172)
[2025-10-27 16:43:40] Importing System.Net.Security.dll.trap.br (74 of 172)
[2025-10-27 16:43:40] Importing System.Net.ServicePoint.dll.trap.br (75 of 172)
[2025-10-27 16:43:40] Importing System.Net.Sockets.dll.trap.br (76 of 172)
[2025-10-27 16:43:40] Importing System.Net.WebClient.dll.trap.br (77 of 172)
[2025-10-27 16:43:40] Importing System.Net.WebHeaderCollection.dll.trap.br (78 of 172)
[2025-10-27 16:43:40] Importing System.Net.WebProxy.dll.trap.br (79 of 172)
[2025-10-27 16:43:40] Importing System.Net.WebSockets.Client.dll.trap.br (80 of 172)
[2025-10-27 16:43:40] Importing System.Net.WebSockets.dll.trap.br (81 of 172)
[2025-10-27 16:43:40] Importing System.Net.dll.trap.br (82 of 172)
[2025-10-27 16:43:40] Importing System.Numerics.Vectors.dll.trap.br (83 of 172)
[2025-10-27 16:43:40] Importing System.Numerics.dll.trap.br (84 of 172)
[2025-10-27 16:43:40] Importing System.ObjectModel.dll.trap.br (85 of 172)
[2025-10-27 16:43:40] Importing System.Reflection.DispatchProxy.dll.trap.br (86 of 172)
[2025-10-27 16:43:40] Importing System.Reflection.Emit.ILGeneration.dll.trap.br (87 of 172)
[2025-10-27 16:43:40] Importing System.Reflection.Emit.Lightweight.dll.trap.br (88 of 172)
[2025-10-27 16:43:40] Importing System.Reflection.Emit.dll.trap.br (89 of 172)
[2025-10-27 16:43:40] Importing System.Reflection.Extensions.dll.trap.br (90 of 172)
[2025-10-27 16:43:40] Importing System.Reflection.Metadata.dll.trap.br (91 of 172)
[2025-10-27 16:43:40] Importing System.Reflection.Primitives.dll.trap.br (92 of 172)
[2025-10-27 16:43:40] Importing System.Reflection.TypeExtensions.dll.trap.br (93 of 172)
[2025-10-27 16:43:40] Importing System.Reflection.dll.trap.br (94 of 172)
[2025-10-27 16:43:40] Importing System.Resources.Reader.dll.trap.br (95 of 172)
[2025-10-27 16:43:40] Importing System.Resources.ResourceManager.dll.trap.br (96 of 172)
[2025-10-27 16:43:40] Importing System.Resources.Writer.dll.trap.br (97 of 172)
[2025-10-27 16:43:40] Importing System.Runtime.CompilerServices.Unsafe.dll.trap.br (98 of 172)
[2025-10-27 16:43:40] Importing System.Runtime.CompilerServices.VisualC.dll.trap.br (99 of 172)
[2025-10-27 16:43:40] Importing System.Runtime.Extensions.dll.trap.br (100 of 172)
[2025-10-27 16:43:40] Importing System.Runtime.Handles.dll.trap.br (101 of 172)
[2025-10-27 16:43:40] Importing System.Runtime.InteropServices.JavaScript.dll.trap.br (102 of 172)
[2025-10-27 16:43:40] Importing System.Runtime.InteropServices.RuntimeInformation.dll.trap.br (103 of 172)
[2025-10-27 16:43:40] Importing System.Runtime.InteropServices.dll.trap.br (104 of 172)
[2025-10-27 16:43:40] Importing System.Runtime.Intrinsics.dll.trap.br (105 of 172)
[2025-10-27 16:43:41] Importing System.Runtime.Loader.dll.trap.br (106 of 172)
[2025-10-27 16:43:41] Importing System.Runtime.Numerics.dll.trap.br (107 of 172)
[2025-10-27 16:43:41] Importing System.Runtime.Serialization.Formatters.dll.trap.br (108 of 172)
[2025-10-27 16:43:41] Importing System.Runtime.Serialization.Json.dll.trap.br (109 of 172)
[2025-10-27 16:43:41] Importing System.Runtime.Serialization.Primitives.dll.trap.br (110 of 172)
[2025-10-27 16:43:41] Importing System.Runtime.Serialization.Xml.dll.trap.br (111 of 172)
[2025-10-27 16:43:41] Importing System.Runtime.Serialization.dll.trap.br (112 of 172)
[2025-10-27 16:43:41] Importing System.Runtime.dll.trap.br (113 of 172)
[2025-10-27 16:43:41] Importing System.Security.AccessControl.dll.trap.br (114 of 172)
[2025-10-27 16:43:41] Importing System.Security.Claims.dll.trap.br (115 of 172)
[2025-10-27 16:43:41] Importing System.Security.Cryptography.Algorithms.dll.trap.br (116 of 172)
[2025-10-27 16:43:41] Importing System.Security.Cryptography.Cng.dll.trap.br (117 of 172)
[2025-10-27 16:43:41] Importing System.Security.Cryptography.Csp.dll.trap.br (118 of 172)
[2025-10-27 16:43:41] Importing System.Security.Cryptography.Encoding.dll.trap.br (119 of 172)
[2025-10-27 16:43:41] Importing System.Security.Cryptography.OpenSsl.dll.trap.br (120 of 172)
[2025-10-27 16:43:41] Importing System.Security.Cryptography.Primitives.dll.trap.br (121 of 172)
[2025-10-27 16:43:41] Importing System.Security.Cryptography.X509Certificates.dll.trap.br (122 of 172)
[2025-10-27 16:43:41] Importing System.Security.Cryptography.dll.trap.br (123 of 172)
[2025-10-27 16:43:41] Importing System.Security.Principal.Windows.dll.trap.br (124 of 172)
[2025-10-27 16:43:41] Importing System.Security.Principal.dll.trap.br (125 of 172)
[2025-10-27 16:43:41] Importing System.Security.SecureString.dll.trap.br (126 of 172)
[2025-10-27 16:43:41] Importing System.Security.dll.trap.br (127 of 172)
[2025-10-27 16:43:41] Importing System.ServiceModel.Web.dll.trap.br (128 of 172)
[2025-10-27 16:43:41] Importing System.ServiceProcess.dll.trap.br (129 of 172)
[2025-10-27 16:43:41] Importing System.Text.Encoding.CodePages.dll.trap.br (130 of 172)
[2025-10-27 16:43:41] Importing System.Text.Encoding.Extensions.dll.trap.br (131 of 172)
[2025-10-27 16:43:41] Importing System.Text.Encoding.dll.trap.br (132 of 172)
[2025-10-27 16:43:41] Importing System.Text.Encodings.Web.dll.trap.br (133 of 172)
[2025-10-27 16:43:41] Importing System.Text.Json.dll.trap.br (134 of 172)
[2025-10-27 16:43:41] Importing System.Text.RegularExpressions.dll.trap.br (135 of 172)
[2025-10-27 16:43:41] Importing System.Threading.Channels.dll.trap.br (136 of 172)
[2025-10-27 16:43:41] Importing System.Threading.Overlapped.dll.trap.br (137 of 172)
[2025-10-27 16:43:41] Importing System.Threading.Tasks.Dataflow.dll.trap.br (138 of 172)
[2025-10-27 16:43:42] Importing System.Threading.Tasks.Extensions.dll.trap.br (139 of 172)
[2025-10-27 16:43:42] Importing System.Threading.Tasks.Parallel.dll.trap.br (140 of 172)
[2025-10-27 16:43:42] Importing System.Threading.Tasks.dll.trap.br (141 of 172)
[2025-10-27 16:43:42] Importing System.Threading.Thread.dll.trap.br (142 of 172)
[2025-10-27 16:43:42] Importing System.Threading.ThreadPool.dll.trap.br (143 of 172)
[2025-10-27 16:43:42] Importing System.Threading.Timer.dll.trap.br (144 of 172)
[2025-10-27 16:43:42] Importing System.Threading.dll.trap.br (145 of 172)
[2025-10-27 16:43:42] Importing System.Transactions.Local.dll.trap.br (146 of 172)
[2025-10-27 16:43:42] Importing System.Transactions.dll.trap.br (147 of 172)
[2025-10-27 16:43:42] Importing System.ValueTuple.dll.trap.br (148 of 172)
[2025-10-27 16:43:42] Importing System.Web.HttpUtility.dll.trap.br (149 of 172)
[2025-10-27 16:43:42] Importing System.Web.dll.trap.br (150 of 172)
[2025-10-27 16:43:42] Importing System.Windows.dll.trap.br (151 of 172)
[2025-10-27 16:43:42] Importing System.Xml.Linq.dll.trap.br (152 of 172)
[2025-10-27 16:43:42] Importing System.Xml.ReaderWriter.dll.trap.br (153 of 172)
[2025-10-27 16:43:42] Importing System.Xml.Serialization.dll.trap.br (154 of 172)
[2025-10-27 16:43:42] Importing System.Xml.XDocument.dll.trap.br (155 of 172)
[2025-10-27 16:43:42] Importing System.Xml.XPath.XDocument.dll.trap.br (156 of 172)
[2025-10-27 16:43:42] Importing System.Xml.XPath.dll.trap.br (157 of 172)
[2025-10-27 16:43:42] Importing System.Xml.XmlDocument.dll.trap.br (158 of 172)
[2025-10-27 16:43:42] Importing System.Xml.XmlSerializer.dll.trap.br (159 of 172)
[2025-10-27 16:43:42] Importing System.Xml.dll.trap.br (160 of 172)
[2025-10-27 16:43:42] Importing System.dll.trap.br (161 of 172)
[2025-10-27 16:43:42] Importing WindowsBase.dll.trap.br (162 of 172)
[2025-10-27 16:43:42] Importing mscorlib.dll.trap.br (163 of 172)
[2025-10-27 16:43:42] Importing netstandard.dll.trap.br (164 of 172)
[2025-10-27 16:43:42] Importing DemoApp.csproj.trap.gz (165 of 172)
[2025-10-27 16:43:42] Importing Program.cs.trap.br (166 of 172)
[2025-10-27 16:43:42] Importing .NETCoreApp,Version=v9.0.AssemblyAttributes.cs.trap.br (167 of 172)
[2025-10-27 16:43:42] Importing DemoApp.AssemblyInfo.cs.trap.br (168 of 172)
[2025-10-27 16:43:42] Importing DemoApp.GlobalUsings.g.cs.trap.br (169 of 172)
[2025-10-27 16:43:42] Importing DemoApp.dll.trap.br (170 of 172)
[2025-10-27 16:43:42] Importing DemoApp.csproj.nuget.g.props.trap.gz (171 of 172)
[2025-10-27 16:43:42] Importing metadata.trap.gz (172 of 172)
[2025-10-27 16:43:42] [PROGRESS] dataset import> Merging relations
[2025-10-27 16:43:42] Merging 1 fragment for 'typerefs'.
[2025-10-27 16:43:42] Merged 8721 bytes (8.52 KiB) for 'typerefs'.
[2025-10-27 16:43:42] Merging 1 fragment for 'typeref_type'.
[2025-10-27 16:43:42] Merged 8692 bytes (8.49 KiB) for 'typeref_type'.
[2025-10-27 16:43:42] Merging 1 fragment for 'attributes'.
[2025-10-27 16:43:42] Merged 112772 bytes (110.13 KiB) for 'attributes'.
[2025-10-27 16:43:42] Merging 1 fragment for 'files'.
[2025-10-27 16:43:42] Merged 525 bytes for 'files'.
[2025-10-27 16:43:42] Merging 1 fragment for 'folders'.
[2025-10-27 16:43:42] Merged 84 bytes for 'folders'.
[2025-10-27 16:43:42] Merging 1 fragment for 'containerparent'.
[2025-10-27 16:43:42] Merged 362 bytes for 'containerparent'.
[2025-10-27 16:43:42] Merging 1 fragment for 'file_extraction_mode'.
[2025-10-27 16:43:42] Merged 285 bytes for 'file_extraction_mode'.
[2025-10-27 16:43:42] Merging 1 fragment for 'assemblies'.
[2025-10-27 16:43:42] Merged 1129 bytes (1.10 KiB) for 'assemblies'.
[2025-10-27 16:43:42] Merging 1 fragment for 'attribute_location'.
[2025-10-27 16:43:42] Merged 32748 bytes (31.98 KiB) for 'attribute_location'.
[2025-10-27 16:43:42] Merging 1 fragment for 'expressions'.
[2025-10-27 16:43:42] Merged 176753 bytes (172.61 KiB) for 'expressions'.
[2025-10-27 16:43:42] Merging 1 fragment for 'expr_parent_top_level'.
[2025-10-27 16:43:43] Merged 79170 bytes (77.31 KiB) for 'expr_parent_top_level'.
[2025-10-27 16:43:43] Merging 1 fragment for 'expr_location'.
[2025-10-27 16:43:43] Merged 59312 bytes (57.92 KiB) for 'expr_location'.
[2025-10-27 16:43:43] Merging 1 fragment for 'compiler_generated'.
[2025-10-27 16:43:43] Merged 59885 bytes (58.48 KiB) for 'compiler_generated'.
[2025-10-27 16:43:43] Merging 1 fragment for 'expr_value'.
[2025-10-27 16:43:43] Merged 109948 bytes (107.37 KiB) for 'expr_value'.
[2025-10-27 16:43:43] Merging 1 fragment for 'expr_parent'.
[2025-10-27 16:43:43] Merged 79791 bytes (77.92 KiB) for 'expr_parent'.
[2025-10-27 16:43:43] Merging 1 fragment for 'types'.
[2025-10-27 16:43:43] Merged 80668 bytes (78.78 KiB) for 'types'.
[2025-10-27 16:43:43] Merging 1 fragment for 'parent_namespace'.
[2025-10-27 16:43:43] Merged 51876 bytes (50.66 KiB) for 'parent_namespace'.
[2025-10-27 16:43:43] Merging 1 fragment for 'modifiers'.
[2025-10-27 16:43:43] Merged 56 bytes for 'modifiers'.
[2025-10-27 16:43:43] Merging 2 fragments for 'has_modifiers'.
[2025-10-27 16:43:43] Merged 409771 bytes (400.17 KiB) for 'has_modifiers'.
[2025-10-27 16:43:43] Merging 1 fragment for 'type_location'.
[2025-10-27 16:43:43] Merged 10455 bytes (10.21 KiB) for 'type_location'.
[2025-10-27 16:43:43] Merging 1 fragment for 'nullability'.
[2025-10-27 16:43:43] Merged 140 bytes for 'nullability'.
[2025-10-27 16:43:43] Merging 2 fragments for 'type_nullability'.
[2025-10-27 16:43:43] Merged 210273 bytes (205.34 KiB) for 'type_nullability'.
[2025-10-27 16:43:43] Merging 1 fragment for 'params'.
[2025-10-27 16:43:43] Merged 644312 bytes (629.21 KiB) for 'params'.
[2025-10-27 16:43:43] Merging 1 fragment for 'param_location'.
[2025-10-27 16:43:43] Merged 70174 bytes (68.53 KiB) for 'param_location'.
[2025-10-27 16:43:43] Merging 1 fragment for 'array_element_type'.
[2025-10-27 16:43:43] Merged 1221 bytes (1.19 KiB) for 'array_element_type'.
[2025-10-27 16:43:43] Merging 1 fragment for 'nullability_parent'.
[2025-10-27 16:43:43] Merged 360 bytes for 'nullability_parent'.
[2025-10-27 16:43:43] Merging 1 fragment for 'methods'.
[2025-10-27 16:43:43] Merged 200827 bytes (196.12 KiB) for 'methods'.
[2025-10-27 16:43:43] Merging 1 fragment for 'method_location'.
[2025-10-27 16:43:43] Merged 35341 bytes (34.51 KiB) for 'method_location'.
[2025-10-27 16:43:43] Merging 1 fragment for 'fields'.
[2025-10-27 16:43:43] Merged 37099 bytes (36.23 KiB) for 'fields'.
[2025-10-27 16:43:43] Merging 1 fragment for 'constant_value'.
[2025-10-27 16:43:43] Merged 13828 bytes (13.50 KiB) for 'constant_value'.
[2025-10-27 16:43:43] Merging 1 fragment for 'field_location'.
[2025-10-27 16:43:43] Merged 7108 bytes (6.94 KiB) for 'field_location'.
[2025-10-27 16:43:43] Merging 1 fragment for 'constructors'.
[2025-10-27 16:43:43] Merged 26033 bytes (25.42 KiB) for 'constructors'.
[2025-10-27 16:43:43] Merging 1 fragment for 'constructor_location'.
[2025-10-27 16:43:43] Merged 5844 bytes (5.71 KiB) for 'constructor_location'.
[2025-10-27 16:43:43] Merging 1 fragment for 'numlines'.
[2025-10-27 16:43:43] Merged 1709 bytes (1.67 KiB) for 'numlines'.
[2025-10-27 16:43:43] Merging 1 fragment for 'expr_argument_name'.
[2025-10-27 16:43:43] Merged 5907 bytes (5.77 KiB) for 'expr_argument_name'.
[2025-10-27 16:43:43] Merging 1 fragment for 'namespaces'.
[2025-10-27 16:43:43] Merged 469 bytes for 'namespaces'.
[2025-10-27 16:43:43] Merging 1 fragment for 'enum_underlying_type'.
[2025-10-27 16:43:43] Merged 906 bytes for 'enum_underlying_type'.
[2025-10-27 16:43:43] Merging 1 fragment for 'constructed_generic'.
[2025-10-27 16:43:43] Merged 44499 bytes (43.46 KiB) for 'constructed_generic'.
[2025-10-27 16:43:43] Merging 1 fragment for 'type_arguments'.
[2025-10-27 16:43:43] Merged 59770 bytes (58.37 KiB) for 'type_arguments'.
[2025-10-27 16:43:43] Merging 1 fragment for 'extend'.
[2025-10-27 16:43:43] Merged 14350 bytes (14.01 KiB) for 'extend'.
[2025-10-27 16:43:43] Merging 1 fragment for 'implement'.
[2025-10-27 16:43:43] Merged 69545 bytes (67.92 KiB) for 'implement'.
[2025-10-27 16:43:43] Merging 1 fragment for 'indexers'.
[2025-10-27 16:43:43] Merged 3546 bytes (3.46 KiB) for 'indexers'.
[2025-10-27 16:43:43] Merging 1 fragment for 'accessors'.
[2025-10-27 16:43:43] Merged 67641 bytes (66.06 KiB) for 'accessors'.
[2025-10-27 16:43:43] Merging 1 fragment for 'properties'.
[2025-10-27 16:43:43] Merged 63288 bytes (61.80 KiB) for 'properties'.
[2025-10-27 16:43:43] Merging 1 fragment for 'type_parameter_constraints'.
[2025-10-27 16:43:43] Merged 9797 bytes (9.57 KiB) for 'type_parameter_constraints'.
[2025-10-27 16:43:43] Merging 1 fragment for 'general_type_parameter_constraints'.
[2025-10-27 16:43:43] Merged 1001 bytes for 'general_type_parameter_constraints'.
[2025-10-27 16:43:43] Merging 1 fragment for 'type_parameters'.
[2025-10-27 16:43:43] Merged 11949 bytes (11.67 KiB) for 'type_parameters'.
[2025-10-27 16:43:43] Merging 1 fragment for 'nested_types'.
[2025-10-27 16:43:43] Merged 1320 bytes (1.29 KiB) for 'nested_types'.
[2025-10-27 16:43:43] Merging 1 fragment for 'type_annotation'.
[2025-10-27 16:43:43] Merged 3977 bytes (3.88 KiB) for 'type_annotation'.
[2025-10-27 16:43:43] Merging 1 fragment for 'accessor_location'.
[2025-10-27 16:43:44] Merged 12471 bytes (12.18 KiB) for 'accessor_location'.
[2025-10-27 16:43:44] Merging 1 fragment for 'property_location'.
[2025-10-27 16:43:44] Merged 9342 bytes (9.12 KiB) for 'property_location'.
[2025-10-27 16:43:44] Merging 1 fragment for 'overrides'.
[2025-10-27 16:43:44] Merged 12931 bytes (12.63 KiB) for 'overrides'.
[2025-10-27 16:43:44] Merging 1 fragment for 'destructors'.
[2025-10-27 16:43:44] Merged 323 bytes for 'destructors'.
[2025-10-27 16:43:44] Merging 1 fragment for 'destructor_location'.
[2025-10-27 16:43:44] Merged 143 bytes for 'destructor_location'.
[2025-10-27 16:43:44] Merging 1 fragment for 'indexer_location'.
[2025-10-27 16:43:44] Merged 578 bytes for 'indexer_location'.
[2025-10-27 16:43:44] Merging 1 fragment for 'explicitly_implements'.
[2025-10-27 16:43:44] Merged 13312 bytes (13.00 KiB) for 'explicitly_implements'.
[2025-10-27 16:43:44] Merging 1 fragment for 'scoped_annotation'.
[2025-10-27 16:43:44] Merged 3062 bytes (2.99 KiB) for 'scoped_annotation'.
[2025-10-27 16:43:44] Merging 1 fragment for 'delegate_return_type'.
[2025-10-27 16:43:44] Merged 2681 bytes (2.62 KiB) for 'delegate_return_type'.
[2025-10-27 16:43:44] Merging 1 fragment for 'operators'.
[2025-10-27 16:43:44] Merged 19166 bytes (18.72 KiB) for 'operators'.
[2025-10-27 16:43:44] Merging 1 fragment for 'operator_location'.
[2025-10-27 16:43:44] Merged 2205 bytes (2.15 KiB) for 'operator_location'.
[2025-10-27 16:43:44] Merging 1 fragment for 'specific_type_parameter_constraints'.
[2025-10-27 16:43:44] Merged 1994 bytes (1.95 KiB) for 'specific_type_parameter_constraints'.
[2025-10-27 16:43:44] Merging 1 fragment for 'specific_type_parameter_nullability'.
[2025-10-27 16:43:44] Merged 1170 bytes (1.14 KiB) for 'specific_type_parameter_nullability'.
[2025-10-27 16:43:44] Merging 1 fragment for 'nullable_underlying_type'.
[2025-10-27 16:43:44] Merged 185 bytes for 'nullable_underlying_type'.
[2025-10-27 16:43:44] Merging 1 fragment for 'tuple_underlying_type'.
[2025-10-27 16:43:44] Merged 651 bytes for 'tuple_underlying_type'.
[2025-10-27 16:43:44] Merging 1 fragment for 'locations_default'.
[2025-10-27 16:43:44] Merged 1160 bytes (1.13 KiB) for 'locations_default'.
[2025-10-27 16:43:44] Merging 1 fragment for 'tuple_element'.
[2025-10-27 16:43:44] Merged 3178 bytes (3.10 KiB) for 'tuple_element'.
[2025-10-27 16:43:44] Merging 1 fragment for 'events'.
[2025-10-27 16:43:44] Merged 1113 bytes (1.09 KiB) for 'events'.
[2025-10-27 16:43:44] Merging 1 fragment for 'event_accessors'.
[2025-10-27 16:43:44] Merged 1851 bytes (1.81 KiB) for 'event_accessors'.
[2025-10-27 16:43:44] Merging 1 fragment for 'event_accessor_location'.
[2025-10-27 16:43:44] Merged 463 bytes for 'event_accessor_location'.
[2025-10-27 16:43:44] Merging 1 fragment for 'event_location'.
[2025-10-27 16:43:44] Merged 308 bytes for 'event_location'.
[2025-10-27 16:43:44] Merging 1 fragment for 'init_only_accessors'.
[2025-10-27 16:43:44] Merged 75 bytes for 'init_only_accessors'.
[2025-10-27 16:43:44] Merging 1 fragment for 'pointer_referent_type'.
[2025-10-27 16:43:44] Merged 202 bytes for 'pointer_referent_type'.
[2025-10-27 16:43:44] Merging 1 fragment for 'function_pointer_calling_conventions'.
[2025-10-27 16:43:44] Merged 32 bytes for 'function_pointer_calling_conventions'.
[2025-10-27 16:43:44] Merging 1 fragment for 'function_pointer_return_type'.
[2025-10-27 16:43:44] Merged 35 bytes for 'function_pointer_return_type'.
[2025-10-27 16:43:44] Merging 1 fragment for 'xmllocations'.
[2025-10-27 16:43:44] Merged 125 bytes for 'xmllocations'.
[2025-10-27 16:43:44] Merging 1 fragment for 'xmlElements'.
[2025-10-27 16:43:44] Merged 142 bytes for 'xmlElements'.
[2025-10-27 16:43:44] Merging 1 fragment for 'xmlAttrs'.
[2025-10-27 16:43:44] Merged 125 bytes for 'xmlAttrs'.
[2025-10-27 16:43:44] Merging 1 fragment for 'xmlChars'.
[2025-10-27 16:43:44] Merged 120 bytes for 'xmlChars'.
[2025-10-27 16:43:44] Merging 1 fragment for 'xmlEncoding'.
[2025-10-27 16:43:44] Merged 34 bytes for 'xmlEncoding'.
[2025-10-27 16:43:44] Merging 1 fragment for 'using_directive_location'.
[2025-10-27 16:43:44] Merged 55 bytes for 'using_directive_location'.
[2025-10-27 16:43:44] Merging 1 fragment for 'type_mention'.
[2025-10-27 16:43:44] Merged 177 bytes for 'type_mention'.
[2025-10-27 16:43:44] Merging 1 fragment for 'type_mention_location'.
[2025-10-27 16:43:44] Merged 94 bytes for 'type_mention_location'.
[2025-10-27 16:43:44] Merging 1 fragment for 'statements'.
[2025-10-27 16:43:44] Merged 73 bytes for 'statements'.
[2025-10-27 16:43:44] Merging 1 fragment for 'stmt_parent_top_level'.
[2025-10-27 16:43:44] Merged 56 bytes for 'stmt_parent_top_level'.
[2025-10-27 16:43:44] Merging 1 fragment for 'stmt_location'.
[2025-10-27 16:43:44] Merged 74 bytes for 'stmt_location'.
[2025-10-27 16:43:44] Merging 1 fragment for 'expr_flowstate'.
[2025-10-27 16:43:44] Merged 85 bytes for 'expr_flowstate'.
[2025-10-27 16:43:44] Merging 1 fragment for 'expr_access'.
[2025-10-27 16:43:44] Merged 77 bytes for 'expr_access'.
[2025-10-27 16:43:44] Merging 1 fragment for 'stmt_parent'.
[2025-10-27 16:43:44] Merged 83 bytes for 'stmt_parent'.
[2025-10-27 16:43:44] Merging 1 fragment for 'localvars'.
[2025-10-27 16:43:44] Merged 90 bytes for 'localvars'.
[2025-10-27 16:43:44] Merging 1 fragment for 'localvar_location'.
[2025-10-27 16:43:44] Merged 38 bytes for 'localvar_location'.
[2025-10-27 16:43:44] Merging 1 fragment for 'expr_call'.
[2025-10-27 16:43:44] Merged 78 bytes for 'expr_call'.
[2025-10-27 16:43:44] Merging 1 fragment for 'expr_argument'.
[2025-10-27 16:43:44] Merged 38 bytes for 'expr_argument'.
[2025-10-27 16:43:44] Merging 1 fragment for 'commentblock'.
[2025-10-27 16:43:44] Merged 35 bytes for 'commentblock'.
[2025-10-27 16:43:44] Merging 1 fragment for 'commentblock_location'.
[2025-10-27 16:43:44] Merged 63 bytes for 'commentblock_location'.
[2025-10-27 16:43:44] Merging 1 fragment for 'commentblock_binding'.
[2025-10-27 16:43:44] Merged 233 bytes for 'commentblock_binding'.
[2025-10-27 16:43:44] Merging 1 fragment for 'using_namespace_directives'.
[2025-10-27 16:43:44] Merged 65 bytes for 'using_namespace_directives'.
[2025-10-27 16:43:44] Merging 1 fragment for 'namespace_declarations'.
[2025-10-27 16:43:44] Merged 30 bytes for 'namespace_declarations'.
[2025-10-27 16:43:44] Merging 1 fragment for 'namespace_declaration_location'.
[2025-10-27 16:43:44] Merged 30 bytes for 'namespace_declaration_location'.
[2025-10-27 16:43:44] Merging 1 fragment for 'parent_namespace_declaration'.
[2025-10-27 16:43:44] Merged 33 bytes for 'parent_namespace_declaration'.
[2025-10-27 16:43:44] Merging 1 fragment for 'commentline'.
[2025-10-27 16:43:44] Merged 133 bytes for 'commentline'.
[2025-10-27 16:43:44] Merging 1 fragment for 'commentline_location'.
[2025-10-27 16:43:44] Merged 83 bytes for 'commentline_location'.
[2025-10-27 16:43:44] Merging 1 fragment for 'commentblock_child'.
[2025-10-27 16:43:44] Merged 183 bytes for 'commentblock_child'.
[2025-10-27 16:43:44] Merging 1 fragment for 'using_global'.
[2025-10-27 16:43:44] Merged 27 bytes for 'using_global'.
[2025-10-27 16:43:44] Merging 1 fragment for 'compilations'.
[2025-10-27 16:43:44] Merged 30 bytes for 'compilations'.
[2025-10-27 16:43:44] Merging 1 fragment for 'compilation_assembly'.
[2025-10-27 16:43:44] Merged 30 bytes for 'compilation_assembly'.
[2025-10-27 16:43:44] Merging 1 fragment for 'compilation_args'.
[2025-10-27 16:43:44] Merged 44 bytes for 'compilation_args'.
[2025-10-27 16:43:44] Merging 1 fragment for 'compilation_expanded_args'.
[2025-10-27 16:43:45] Merged 445 bytes for 'compilation_expanded_args'.
[2025-10-27 16:43:45] Merging 1 fragment for 'compilation_compiling_files'.
[2025-10-27 16:43:45] Merged 49 bytes for 'compilation_compiling_files'.
[2025-10-27 16:43:45] Merging 1 fragment for 'compilation_referencing_files'.
[2025-10-27 16:43:45] Merged 515 bytes for 'compilation_referencing_files'.
[2025-10-27 16:43:45] Merging 1 fragment for 'diagnostics'.
[2025-10-27 16:43:45] Merged 112 bytes for 'diagnostics'.
[2025-10-27 16:43:45] Merging 1 fragment for 'diagnostic_for'.
[2025-10-27 16:43:45] Merged 66 bytes for 'diagnostic_for'.
[2025-10-27 16:43:45] Merging 1 fragment for 'compilation_info'.
[2025-10-27 16:43:45] Merged 50 bytes for 'compilation_info'.
[2025-10-27 16:43:45] Merging 1 fragment for 'compilation_time'.
[2025-10-27 16:43:45] Merged 126 bytes for 'compilation_time'.
[2025-10-27 16:43:45] Merging 1 fragment for 'compilation_finished'.
[2025-10-27 16:43:45] Merged 71 bytes for 'compilation_finished'.
[2025-10-27 16:43:45] Merging 1 fragment for 'xmlNs'.
[2025-10-27 16:43:45] Merged 51 bytes for 'xmlNs'.
[2025-10-27 16:43:45] Merging 1 fragment for 'xmlHasNs'.
[2025-10-27 16:43:45] Merged 57 bytes for 'xmlHasNs'.
[2025-10-27 16:43:45] Merging 1 fragment for 'sourceLocationPrefix'.
[2025-10-27 16:43:45] Merged 19 bytes for 'sourceLocationPrefix'.
[2025-10-27 16:43:45] Saving string and id pools to disk.
[2025-10-27 16:43:45] Finished importing TRAP files.
[2025-10-27 16:43:45] Read 46.70 MiB of uncompressed TRAP data.
[2025-10-27 16:43:45] Uncompressed relation data size: 12.12 MiB
[2025-10-27 16:43:45] Relation data size: 2.85 MiB (merge rate: 1.13 MiB/s)
[2025-10-27 16:43:45] String pool size: 2.78 MiB
[2025-10-27 16:43:45] ID pool size: 13.00 MiB
[2025-10-27 16:43:45] [PROGRESS] dataset import> Finished writing database (relations: 2.85 MiB; string pool: 2.78 MiB).
[2025-10-27 16:43:45] Pausing evaluation to close the cache at sequence stamp o+241
[2025-10-27 16:43:45] The disk cache is freshly trimmed; leave it be.
[2025-10-27 16:43:45] Unpausing evaluation
[2025-10-27 16:43:45] Plumbing command codeql dataset import completed.
[2025-10-27 16:43:45] [PROGRESS] database finalize> TRAP import complete (7.3s).
[2025-10-27 16:43:45] Running plumbing command: codeql database cleanup -- C:\Users\User\Desktop\ETF\codeql-csharp-demo\DemoApp\db-csharp
[2025-10-27 16:43:46] [PROGRESS] database cleanup> Cleaning up existing TRAP files after import...
[2025-10-27 16:43:46] [PROGRESS] database cleanup> TRAP files cleaned up (352ms).
[2025-10-27 16:43:46] [PROGRESS] database cleanup> Cleaning up scratch directory...
[2025-10-27 16:43:46] [PROGRESS] database cleanup> Scratch directory cleaned up (10ms).
[2025-10-27 16:43:46] Running plumbing command: codeql dataset cleanup -- C:\Users\User\Desktop\ETF\codeql-csharp-demo\DemoApp\db-csharp\db-csharp
[2025-10-27 16:43:46] [PROGRESS] dataset cleanup> Cleaning up dataset in C:\Users\User\Desktop\ETF\codeql-csharp-demo\DemoApp\db-csharp\db-csharp.
[2025-10-27 16:43:46] Trimming disk cache at C:\Users\User\Desktop\ETF\codeql-csharp-demo\DemoApp\db-csharp\db-csharp\default\cache in mode trim.
[2025-10-27 16:43:46] Sequence stamp origin is -5987958249997217768
[2025-10-27 16:43:46] Pausing evaluation to quickly trim memory at sequence stamp o+0
[2025-10-27 16:43:46] Unpausing evaluation
[2025-10-27 16:43:46] Pausing evaluation to zealously trim disk at sequence stamp o+1
[2025-10-27 16:43:46] Unpausing evaluation
[2025-10-27 16:43:46] Trimming completed (9ms): Trimmed disposable data from cache.
[2025-10-27 16:43:46] Pausing evaluation to close the cache at sequence stamp o+2
[2025-10-27 16:43:46] The disk cache is freshly trimmed; leave it be.
[2025-10-27 16:43:46] Unpausing evaluation
[2025-10-27 16:43:46] [PROGRESS] dataset cleanup> Trimmed disposable data from cache.
[2025-10-27 16:43:46] [PROGRESS] dataset cleanup> Finalizing dataset in C:\Users\User\Desktop\ETF\codeql-csharp-demo\DemoApp\db-csharp\db-csharp
[2025-10-27 16:43:46] [DETAILS] dataset cleanup> Finished deleting ID pool from C:\Users\User\Desktop\ETF\codeql-csharp-demo\DemoApp\db-csharp\db-csharp (19ms).
[2025-10-27 16:43:46] Plumbing command codeql dataset cleanup completed.
[2025-10-27 16:43:46] Plumbing command codeql database cleanup completed with status 0.
[2025-10-27 16:43:46] [PROGRESS] database finalize> Finished zipping source archive (3.51 KiB).
[2025-10-27 16:43:46] Plumbing command codeql database finalize completed.
[2025-10-27 16:43:46] [PROGRESS] database create> Successfully created database at C:\Users\User\Desktop\ETF\codeql-csharp-demo\DemoApp\db-csharp.
[2025-10-27 16:43:46] Terminating normally.
