[2025-10-27 16:43:37] This is codeql database index-files --include-extension=.config --include-extension=.csproj --include-extension=.props --include-extension=.xml --size-limit 10m --language xml --working-dir=. -- C:\Users\User\Desktop\ETF\codeql-csharp-demo\DemoApp\db-csharp
[2025-10-27 16:43:37] Log file was started late.
[2025-10-27 16:43:37] Using index-files script C:\Users\User\Desktop\CodeQL\codeql\xml\tools\index-files.cmd.
[2025-10-27 16:43:37] [PROGRESS] database index-files> Scanning for files in C:\Users\User\Desktop\ETF\codeql-csharp-demo\DemoApp...
[2025-10-27 16:43:37] Calling plumbing command: codeql resolve files --include-extension=.config --include-extension=.csproj --include-extension=.props --include-extension=.xml --size-limit=10m C:\Users\User\Desktop\ETF\codeql-csharp-demo\DemoApp --format=json
[2025-10-27 16:43:37] [PROGRESS] resolve files> Scanning C:\Users\User\Desktop\ETF\codeql-csharp-demo\DemoApp...
[2025-10-27 16:43:37] [PROGRESS] resolve files> Scanning C:\Users\User\Desktop\ETF\codeql-csharp-demo\DemoApp\bin...
[2025-10-27 16:43:37] [PROGRESS] resolve files> Scanning C:\Users\User\Desktop\ETF\codeql-csharp-demo\DemoApp\bin\Debug...
[2025-10-27 16:43:37] [PROGRESS] resolve files> Scanning C:\Users\User\Desktop\ETF\codeql-csharp-demo\DemoApp\bin\Debug\net9.0...
[2025-10-27 16:43:37] [PROGRESS] resolve files> Scanning C:\Users\User\Desktop\ETF\codeql-csharp-demo\DemoApp\db-csharp...
[2025-10-27 16:43:37] [PROGRESS] resolve files> Scanning C:\Users\User\Desktop\ETF\codeql-csharp-demo\DemoApp\db-csharp\diagnostic...
[2025-10-27 16:43:37] [PROGRESS] resolve files> Scanning C:\Users\User\Desktop\ETF\codeql-csharp-demo\DemoApp\db-csharp\diagnostic\extractors...
[2025-10-27 16:43:37] [PROGRESS] resolve files> Scanning C:\Users\User\Desktop\ETF\codeql-csharp-demo\DemoApp\db-csharp\diagnostic\extractors\csharp...
[2025-10-27 16:43:37] [PROGRESS] resolve files> Scanning C:\Users\User\Desktop\ETF\codeql-csharp-demo\DemoApp\db-csharp\diagnostic\tracer...
[2025-10-27 16:43:37] [PROGRESS] resolve files> Scanning C:\Users\User\Desktop\ETF\codeql-csharp-demo\DemoApp\db-csharp\log...
[2025-10-27 16:43:37] [PROGRESS] resolve files> Scanning C:\Users\User\Desktop\ETF\codeql-csharp-demo\DemoApp\db-csharp\src...
[2025-10-27 16:43:37] [PROGRESS] resolve files> Scanning C:\Users\User\Desktop\ETF\codeql-csharp-demo\DemoApp\db-csharp\src\C_...
[2025-10-27 16:43:37] [PROGRESS] resolve files> Scanning C:\Users\User\Desktop\ETF\codeql-csharp-demo\DemoApp\db-csharp\src\C_\Users...
[2025-10-27 16:43:37] [PROGRESS] resolve files> Scanning C:\Users\User\Desktop\ETF\codeql-csharp-demo\DemoApp\db-csharp\src\C_\Users\User...
[2025-10-27 16:43:37] [PROGRESS] resolve files> Scanning C:\Users\User\Desktop\ETF\codeql-csharp-demo\DemoApp\db-csharp\src\C_\Users\User\Desktop...
[2025-10-27 16:43:37] [PROGRESS] resolve files> Scanning C:\Users\User\Desktop\ETF\codeql-csharp-demo\DemoApp\db-csharp\src\C_\Users\User\Desktop\ETF...
[2025-10-27 16:43:37] [PROGRESS] resolve files> Scanning C:\Users\User\Desktop\ETF\codeql-csharp-demo\DemoApp\db-csharp\src\C_\Users\User\Desktop\ETF\codeql-csharp-demo...
[2025-10-27 16:43:37] [PROGRESS] resolve files> Scanning C:\Users\User\Desktop\ETF\codeql-csharp-demo\DemoApp\db-csharp\src\C_\Users\User\Desktop\ETF\codeql-csharp-demo\DemoApp...
[2025-10-27 16:43:37] [PROGRESS] resolve files> Scanning C:\Users\User\Desktop\ETF\codeql-csharp-demo\DemoApp\db-csharp\src\C_\Users\User\Desktop\ETF\codeql-csharp-demo\DemoApp\obj...
[2025-10-27 16:43:37] [PROGRESS] resolve files> Scanning C:\Users\User\Desktop\ETF\codeql-csharp-demo\DemoApp\db-csharp\src\C_\Users\User\Desktop\ETF\codeql-csharp-demo\DemoApp\obj\Debug...
[2025-10-27 16:43:37] [PROGRESS] resolve files> Scanning C:\Users\User\Desktop\ETF\codeql-csharp-demo\DemoApp\db-csharp\src\C_\Users\User\Desktop\ETF\codeql-csharp-demo\DemoApp\obj\Debug\net9.0...
[2025-10-27 16:43:37] [PROGRESS] resolve files> Scanning C:\Users\User\Desktop\ETF\codeql-csharp-demo\DemoApp\db-csharp\trap...
[2025-10-27 16:43:37] [PROGRESS] resolve files> Scanning C:\Users\User\Desktop\ETF\codeql-csharp-demo\DemoApp\db-csharp\trap\csharp...
[2025-10-27 16:43:37] [PROGRESS] resolve files> Scanning C:\Users\User\Desktop\ETF\codeql-csharp-demo\DemoApp\db-csharp\trap\csharp\C_...
[2025-10-27 16:43:37] [PROGRESS] resolve files> Scanning C:\Users\User\Desktop\ETF\codeql-csharp-demo\DemoApp\db-csharp\trap\csharp\C_\Program Files...
[2025-10-27 16:43:37] [PROGRESS] resolve files> Scanning C:\Users\User\Desktop\ETF\codeql-csharp-demo\DemoApp\db-csharp\trap\csharp\C_\Program Files\dotnet...
[2025-10-27 16:43:37] [PROGRESS] resolve files> Scanning C:\Users\User\Desktop\ETF\codeql-csharp-demo\DemoApp\db-csharp\trap\csharp\C_\Program Files\dotnet\packs...
[2025-10-27 16:43:37] [PROGRESS] resolve files> Scanning C:\Users\User\Desktop\ETF\codeql-csharp-demo\DemoApp\db-csharp\trap\csharp\C_\Program Files\dotnet\packs\Microsoft.NETCore.App.Ref...
[2025-10-27 16:43:37] [PROGRESS] resolve files> Scanning C:\Users\User\Desktop\ETF\codeql-csharp-demo\DemoApp\db-csharp\trap\csharp\C_\Program Files\dotnet\packs\Microsoft.NETCore.App.Ref\9.0.10...
[2025-10-27 16:43:37] [PROGRESS] resolve files> Scanning C:\Users\User\Desktop\ETF\codeql-csharp-demo\DemoApp\db-csharp\trap\csharp\C_\Program Files\dotnet\packs\Microsoft.NETCore.App.Ref\9.0.10\ref...
[2025-10-27 16:43:37] [PROGRESS] resolve files> Scanning C:\Users\User\Desktop\ETF\codeql-csharp-demo\DemoApp\db-csharp\trap\csharp\C_\Program Files\dotnet\packs\Microsoft.NETCore.App.Ref\9.0.10\ref\net9.0...
[2025-10-27 16:43:37] [PROGRESS] resolve files> Scanning C:\Users\User\Desktop\ETF\codeql-csharp-demo\DemoApp\db-csharp\trap\csharp\C_\Users...
[2025-10-27 16:43:37] [PROGRESS] resolve files> Scanning C:\Users\User\Desktop\ETF\codeql-csharp-demo\DemoApp\db-csharp\trap\csharp\C_\Users\User...
[2025-10-27 16:43:37] [PROGRESS] resolve files> Scanning C:\Users\User\Desktop\ETF\codeql-csharp-demo\DemoApp\db-csharp\trap\csharp\C_\Users\User\Desktop...
[2025-10-27 16:43:37] [PROGRESS] resolve files> Scanning C:\Users\User\Desktop\ETF\codeql-csharp-demo\DemoApp\db-csharp\trap\csharp\C_\Users\User\Desktop\ETF...
[2025-10-27 16:43:37] [PROGRESS] resolve files> Scanning C:\Users\User\Desktop\ETF\codeql-csharp-demo\DemoApp\db-csharp\trap\csharp\C_\Users\User\Desktop\ETF\codeql-csharp-demo...
[2025-10-27 16:43:37] [PROGRESS] resolve files> Scanning C:\Users\User\Desktop\ETF\codeql-csharp-demo\DemoApp\db-csharp\trap\csharp\C_\Users\User\Desktop\ETF\codeql-csharp-demo\DemoApp...
[2025-10-27 16:43:37] [PROGRESS] resolve files> Scanning C:\Users\User\Desktop\ETF\codeql-csharp-demo\DemoApp\db-csharp\trap\csharp\C_\Users\User\Desktop\ETF\codeql-csharp-demo\DemoApp\obj...
[2025-10-27 16:43:37] [PROGRESS] resolve files> Scanning C:\Users\User\Desktop\ETF\codeql-csharp-demo\DemoApp\db-csharp\trap\csharp\C_\Users\User\Desktop\ETF\codeql-csharp-demo\DemoApp\obj\Debug...
[2025-10-27 16:43:37] [PROGRESS] resolve files> Scanning C:\Users\User\Desktop\ETF\codeql-csharp-demo\DemoApp\db-csharp\trap\csharp\C_\Users\User\Desktop\ETF\codeql-csharp-demo\DemoApp\obj\Debug\net9.0...
[2025-10-27 16:43:37] [PROGRESS] resolve files> Scanning C:\Users\User\Desktop\ETF\codeql-csharp-demo\DemoApp\db-csharp\working...
[2025-10-27 16:43:37] [PROGRESS] resolve files> Scanning C:\Users\User\Desktop\ETF\codeql-csharp-demo\DemoApp\obj...
[2025-10-27 16:43:37] [PROGRESS] resolve files> Scanning C:\Users\User\Desktop\ETF\codeql-csharp-demo\DemoApp\obj\Debug...
[2025-10-27 16:43:37] [PROGRESS] resolve files> Scanning C:\Users\User\Desktop\ETF\codeql-csharp-demo\DemoApp\obj\Debug\net9.0...
[2025-10-27 16:43:37] [PROGRESS] resolve files> Scanning C:\Users\User\Desktop\ETF\codeql-csharp-demo\DemoApp\obj\Debug\net9.0\generated...
[2025-10-27 16:43:37] [PROGRESS] resolve files> Scanning C:\Users\User\Desktop\ETF\codeql-csharp-demo\DemoApp\obj\Debug\net9.0\ref...
[2025-10-27 16:43:37] [PROGRESS] resolve files> Scanning C:\Users\User\Desktop\ETF\codeql-csharp-demo\DemoApp\obj\Debug\net9.0\refint...
[2025-10-27 16:43:37] Plumbing command codeql resolve files completed:
                      [
                        "C:\\Users\\User\\Desktop\\ETF\\codeql-csharp-demo\\DemoApp\\DemoApp.csproj",
                        "C:\\Users\\User\\Desktop\\ETF\\codeql-csharp-demo\\DemoApp\\obj\\DemoApp.csproj.nuget.g.props"
                      ]
[2025-10-27 16:43:37] [DETAILS] database index-files> Found 2 files.
[2025-10-27 16:43:37] [PROGRESS] database index-files> C:\Users\User\Desktop\ETF\codeql-csharp-demo\DemoApp\db-csharp: Indexing files in in C:\Users\User\Desktop\ETF\codeql-csharp-demo\DemoApp...
[2025-10-27 16:43:37] Using index-files script C:\Users\User\Desktop\CodeQL\codeql\xml\tools\index-files.cmd.
[2025-10-27 16:43:37] [PROGRESS] database index-files> Running command in C:\Users\User\Desktop\ETF\codeql-csharp-demo\DemoApp: [C:\Users\User\Desktop\CodeQL\codeql\xml\tools\index-files.cmd, C:\Users\User\Desktop\ETF\codeql-csharp-demo\DemoApp\db-csharp\working\files-to-index13301836295431496979.list]
[2025-10-27 16:43:38] Terminating normally.
